This is XeTeX, Version 3.141592653-2.6-0.999993 (TeX Live 2021) (preloaded format=xelatex 2021.11.14)  12 FEB 2022 11:00
entering extended mode
 \write18 enabled.
 file:line:error style messages enabled.
 %&-line parsing enabled.
**/Users/tim-jonaswechler/Documents/Mein_Leben/1_Karriere/10_Studium/hs-rm_ap_bsc/2021_WS/Embeeded_System/Touchscreen/main.tex
(/Users/tim-jonaswechler/Documents/Mein_Leben/1_Karriere/10_Studium/hs-rm_ap_bsc/2021_WS/Embeeded_System/Touchscreen/main.tex
LaTeX2e <2020-10-01> patch level 4
L3 programming layer <2021-02-18> (/Users/tim-jonaswechler/Documents/Mein_Leben/1_Karriere/10_Studium/hs-rm_ap_bsc/2021_WS/Embeeded_System/Touchscreen/hsrmreport.cls (/usr/local/texlive/2021/texmf-dist/tex/latex/koma-script/scrreprt.cls
Document Class: scrreprt 2021/03/17 v3.33 KOMA-Script document class (report)
(/usr/local/texlive/2021/texmf-dist/tex/latex/koma-script/scrkbase.sty
Package: scrkbase 2021/03/17 v3.33 KOMA-Script package (KOMA-Script-dependent basics and keyval usage)
 (/usr/local/texlive/2021/texmf-dist/tex/latex/koma-script/scrbase.sty
Package: scrbase 2021/03/17 v3.33 KOMA-Script package (KOMA-Script-independent basics and keyval usage)
 (/usr/local/texlive/2021/texmf-dist/tex/latex/koma-script/scrlfile.sty
Package: scrlfile 2021/03/17 v3.33 KOMA-Script package (file load hooks)
 (/usr/local/texlive/2021/texmf-dist/tex/latex/koma-script/scrlfile-hook.sty
Package: scrlfile-hook 2021/03/17 v3.33 KOMA-Script package (using LaTeX hooks)

LaTeX3 Info: Defining command \BeforeFile with sig. 'm' on line 61.


LaTeX3 Info: Defining command \AfterFile with sig. 'm' on line 65.


LaTeX3 Info: Defining command \BeforeClass with sig. 'm' on line 69.


LaTeX3 Info: Defining command \BeforePackage with sig. 'm' on line 73.


LaTeX3 Info: Defining command \AfterAtEndOfClass with sig. 'smo+m' on line 83.


LaTeX3 Info: Defining command \AfterAtEndOfPackage with sig. 'smo+m' on line
(LaTeX3)     93.


LaTeX3 Info: Defining command \scrlfile@AfterClass with sig. 'smo+m' on line
(LaTeX3)     173.


LaTeX3 Info: Defining command \AfterClass with sig. '' on line 174.


LaTeX3 Info: Defining command \scrlfile@AfterPackage with sig. 'smo+m' on line
(LaTeX3)     191.


LaTeX3 Info: Defining command \AfterPackage with sig. '' on line 192.


LaTeX3 Info: Defining command \ReplaceInput with sig. '' on line 193.


LaTeX3 Info: Defining command \ReplaceClass with sig. 'mm' on line 196.


LaTeX3 Info: Defining command \ReplacePackage with sig. 'mm' on line 199.


LaTeX3 Info: Defining command \UnReplaceInput with sig. '' on line 200.


LaTeX3 Info: Defining command \UnReplaceClass with sig. 'm' on line 203.


LaTeX3 Info: Defining command \UnReplacePackage with sig. 'mm' on line 206.


LaTeX3 Info: Defining command \PreventPackageFromLoading with sig. 's+om' on
(LaTeX3)     line 234.


LaTeX3 Info: Defining command \StorePreventPackageFromLoading with sig. 'm' on
(LaTeX3)     line 242.


LaTeX3 Info: Defining command \ResetPreventPackageFromLoading with sig. '' on
(LaTeX3)     line 247.


LaTeX3 Info: Defining command \UnPreventPackageFromLoading with sig. 'sm' on
(LaTeX3)     line 261.


LaTeX3 Info: Defining command \BeforeClosingMainAux with sig. 'om' on line
(LaTeX3)     274.


LaTeX3 Info: Defining command \AfterReadingMainAux with sig. 'om' on line 287.


LaTeX3 Info: Defining command \protected@immediate@write with sig. 'm+m+m' on
(LaTeX3)     line 298.

 (/usr/local/texlive/2021/texmf-dist/tex/latex/koma-script/scrlogo.sty
Package: scrlogo 2021/03/17 v3.33 KOMA-Script package (logo)
))) (/usr/local/texlive/2021/texmf-dist/tex/latex/graphics/keyval.sty
Package: keyval 2014/10/28 v1.15 key=value parser (DPC)
\KV@toks@=\toks15
)
Skipping: [2021/05/01] Usage of raw option list on input line 252.
Applying: [0000/00/00] compatibility for LaTeX before 2021/05/01 on input line 337.
)) (/usr/local/texlive/2021/texmf-dist/tex/latex/koma-script/tocbasic.sty
Package: tocbasic 2021/03/17 v3.33 KOMA-Script package (handling toc-files)
\scr@dte@tocline@numberwidth=\skip47
\scr@dte@tocline@numbox=\box47
)
Package tocbasic Info: babel extension for `toc' omitted
(tocbasic)             because of missing \bbl@set@language on input line 137.
Class scrreprt Info: You've used standard option `openright'.
(scrreprt)           This is correct!
(scrreprt)           Internally I'm using `open=right'.
(scrreprt)           If you'd like to set the option with \KOMAoptions,
(scrreprt)           you'd have to use `open=right' there
(scrreprt)           instead of `openright', too.
Package scrreprt Info: You've used standard option `12pt'.
(scrreprt)             This is correct!
(scrreprt)             Internally I'm using `fontsize=12pt'.
(scrreprt)             If you'd like to set the option with \KOMAoptions,
(scrreprt)             you'd have to use `fontsize=12pt' there
(scrreprt)             instead of `12pt', too.
Class scrreprt Info: File `scrsize12pt.clo' used to setup font sizes on input line 2451.
 (/usr/local/texlive/2021/texmf-dist/tex/latex/koma-script/scrsize12pt.clo
File: scrsize12pt.clo 2021/03/17 v3.33 KOMA-Script font size class option (12pt)
) (/usr/local/texlive/2021/texmf-dist/tex/latex/koma-script/typearea.sty
Package: typearea 2021/03/17 v3.33 KOMA-Script package (type area)
\ta@bcor=\skip48
\ta@div=\count175
\ta@hblk=\skip49
\ta@vblk=\skip50
\ta@temp=\skip51
\footheight=\skip52
Package typearea Info: These are the values describing the layout:
(typearea)             DIV  = 12
(typearea)             BCOR = 0.0pt
(typearea)             \paperwidth      = 597.50793pt
(typearea)              \textwidth      = 448.13095pt
(typearea)              DIV departure   = -6%
(typearea)              \evensidemargin = 2.4185pt
(typearea)              \oddsidemargin  = 2.4185pt
(typearea)             \paperheight     = 845.04694pt
(typearea)              \textheight     = 635.5pt
(typearea)              \topmargin      = -41.72441pt
(typearea)              \headheight     = 18.125pt
(typearea)              \headsep        = 21.75pt
(typearea)              \topskip        = 12.0pt
(typearea)              \footskip       = 50.75pt
(typearea)              \baselineskip   = 14.5pt
(typearea)              on input line 1741.
)
\c@part=\count176
\c@chapter=\count177
\c@section=\count178
\c@subsection=\count179
\c@subsubsection=\count180
\c@paragraph=\count181
\c@subparagraph=\count182
\scr@dte@chapter@maxnumwidth=\skip53
Class scrreprt Info: using compatibility default `afterindent=bysign'
(scrreprt)           for `\chapter on input line 5678.
\scr@dte@section@maxnumwidth=\skip54
Class scrreprt Info: using compatibility default `runin=bysign'
(scrreprt)           for `\section on input line 5689.
Class scrreprt Info: using compatibility default `afterindent=bysign'
(scrreprt)           for `\section on input line 5689.
\scr@dte@part@maxnumwidth=\skip55
Class scrreprt Info: using compatibility default `afterindent=true'
(scrreprt)           for `\part on input line 5698.
\scr@dte@subsection@maxnumwidth=\skip56
Class scrreprt Info: using compatibility default `runin=bysign'
(scrreprt)           for `\subsection on input line 5708.
Class scrreprt Info: using compatibility default `afterindent=bysign'
(scrreprt)           for `\subsection on input line 5708.
\scr@dte@subsubsection@maxnumwidth=\skip57
Class scrreprt Info: using compatibility default `runin=bysign'
(scrreprt)           for `\subsubsection on input line 5718.
Class scrreprt Info: using compatibility default `afterindent=bysign'
(scrreprt)           for `\subsubsection on input line 5718.
\scr@dte@paragraph@maxnumwidth=\skip58
Class scrreprt Info: using compatibility default `runin=bysign'
(scrreprt)           for `\paragraph on input line 5729.
Class scrreprt Info: using compatibility default `afterindent=bysign'
(scrreprt)           for `\paragraph on input line 5729.
\scr@dte@subparagraph@maxnumwidth=\skip59
Class scrreprt Info: using compatibility default `runin=bysign'
(scrreprt)           for `\subparagraph on input line 5739.
Class scrreprt Info: using compatibility default `afterindent=bysign'
(scrreprt)           for `\subparagraph on input line 5739.
\abovecaptionskip=\skip60
\belowcaptionskip=\skip61
\c@pti@nb@sid@b@x=\box48
Package tocbasic Info: babel extension for `lof' omitted
(tocbasic)             because of missing \bbl@set@language on input line 6976.
\scr@dte@figure@maxnumwidth=\skip62
\c@figure=\count183
Package tocbasic Info: babel extension for `lot' omitted
(tocbasic)             because of missing \bbl@set@language on input line 6993.
\scr@dte@table@maxnumwidth=\skip63
\c@table=\count184
Class scrreprt Info: Redefining `\numberline' on input line 7162.
\bibindent=\dimen138
)
Document Class: hsrmreport 2020/03/29 Class file for homework assignments
(/usr/local/texlive/2021/texmf-dist/tex/latex/xpatch/xpatch.sty (/usr/local/texlive/2021/texmf-dist/tex/latex/l3kernel/expl3.sty
Package: expl3 2021-02-18 L3 programming layer (loader) 
 (/usr/local/texlive/2021/texmf-dist/tex/latex/l3backend/l3backend-xetex.def
File: l3backend-xetex.def 2021-03-18 L3 backend support: XeTeX
 (|extractbb --version)
\c__kernel_sys_dvipdfmx_version_int=\count185
\l__color_backend_stack_int=\count186
\g__color_backend_stack_int=\count187
\g__graphics_track_int=\count188
\l__pdf_internal_box=\box49
\g__pdf_backend_object_int=\count189
\g__pdf_backend_annotation_int=\count190
\g__pdf_backend_link_int=\count191
))
Package: xpatch 2020/03/25 v0.3a Extending etoolbox patching commands
 (/usr/local/texlive/2021/texmf-dist/tex/latex/l3packages/xparse/xparse.sty (/usr/local/texlive/2021/texmf-dist/tex/latex/l3packages/xparse/xparse-2020-10-01.sty (/usr/local/texlive/2021/texmf-dist/tex/latex/l3packages/xparse/xparse-generic.tex))) (/usr/local/texlive/2021/texmf-dist/tex/latex/etoolbox/etoolbox.sty
Package: etoolbox 2020/10/05 v2.5k e-TeX tools for LaTeX (JAW)
\etb@tempcnta=\count192
)) (/usr/local/texlive/2021/texmf-dist/tex/latex/xkeyval/xkeyval.sty
Package: xkeyval 2020/11/20 v2.8 package option processing (HA)
 (/usr/local/texlive/2021/texmf-dist/tex/generic/xkeyval/xkeyval.tex (/usr/local/texlive/2021/texmf-dist/tex/generic/xkeyval/xkvutils.tex
\XKV@toks=\toks16
\XKV@tempa@toks=\toks17
)
\XKV@depth=\count193
File: xkeyval.tex 2014/12/03 v2.7a key=value parser (HA)
)) (/usr/local/texlive/2021/texmf-dist/tex/latex/xifthen/xifthen.sty
Package: xifthen 2015/11/05 v1.4.0 Extended ifthen features
 (/usr/local/texlive/2021/texmf-dist/tex/latex/tools/calc.sty
Package: calc 2017/05/25 v4.3 Infix arithmetic (KKT,FJ)
\calc@Acount=\count194
\calc@Bcount=\count195
\calc@Adimen=\dimen139
\calc@Bdimen=\dimen140
\calc@Askip=\skip64
\calc@Bskip=\skip65
LaTeX Info: Redefining \setlength on input line 80.
LaTeX Info: Redefining \addtolength on input line 81.
\calc@Ccount=\count196
\calc@Cskip=\skip66
) (/usr/local/texlive/2021/texmf-dist/tex/latex/base/ifthen.sty
Package: ifthen 2014/09/29 v1.1c Standard LaTeX ifthen package (DPC)
) (/usr/local/texlive/2021/texmf-dist/tex/latex/ifmtarg/ifmtarg.sty
Package: ifmtarg 2018/04/16 v1.2b check for an empty argument
)) (/usr/local/texlive/2021/texmf-dist/tex/latex/kvoptions/kvoptions.sty
Package: kvoptions 2020-10-07 v3.14 Key value format for package options (HO)
 (/usr/local/texlive/2021/texmf-dist/tex/generic/ltxcmds/ltxcmds.sty
Package: ltxcmds 2020-05-10 v1.25 LaTeX kernel commands for general use (HO)
) (/usr/local/texlive/2021/texmf-dist/tex/generic/kvsetkeys/kvsetkeys.sty
Package: kvsetkeys 2019/12/15 v1.18 Key value parser (HO)
)) (/usr/local/texlive/2021/texmf-dist/tex/latex/xcolor/xcolor.sty
Package: xcolor 2016/05/11 v2.12 LaTeX color extensions (UK)
 (/usr/local/texlive/2021/texmf-dist/tex/latex/graphics-cfg/color.cfg
File: color.cfg 2016/01/02 v1.6 sample color configuration
)
Package xcolor Info: Driver file: xetex.def on input line 225.
 (/usr/local/texlive/2021/texmf-dist/tex/latex/graphics-def/xetex.def
File: xetex.def 2021/03/18 v5.0k Graphics/color driver for xetex
) (/usr/local/texlive/2021/texmf-dist/tex/latex/colortbl/colortbl.sty
Package: colortbl 2020/01/04 v1.0e Color table columns (DPC)
 (/usr/local/texlive/2021/texmf-dist/tex/latex/tools/array.sty
Package: array 2020/10/01 v2.5c Tabular extension package (FMi)
\col@sep=\dimen141
\ar@mcellbox=\box50
\extrarowheight=\dimen142
\NC@list=\toks18
\extratabsurround=\skip67
\backup@length=\skip68
\ar@cellbox=\box51
)
\everycr=\toks19
\minrowclearance=\skip69
)
\rownum=\count197
Package xcolor Info: Model `cmy' substituted by `cmy0' on input line 1348.
Package xcolor Info: Model `RGB' extended on input line 1364.
Package xcolor Info: Model `HTML' substituted by `rgb' on input line 1366.
Package xcolor Info: Model `Hsb' substituted by `hsb' on input line 1367.
Package xcolor Info: Model `tHsb' substituted by `hsb' on input line 1368.
Package xcolor Info: Model `HSB' substituted by `hsb' on input line 1369.
Package xcolor Info: Model `Gray' substituted by `gray' on input line 1370.
Package xcolor Info: Model `wave' substituted by `hsb' on input line 1371.
 (/usr/local/texlive/2021/texmf-dist/tex/latex/graphics/dvipsnam.def
File: dvipsnam.def 2016/06/17 v3.0m Driver-dependent file (DPC,SPQR)
)) (/usr/local/texlive/2021/texmf-dist/tex/latex/pgf/frontendlayer/tikz.sty (/usr/local/texlive/2021/texmf-dist/tex/latex/pgf/basiclayer/pgf.sty (/usr/local/texlive/2021/texmf-dist/tex/latex/pgf/utilities/pgfrcs.sty (/usr/local/texlive/2021/texmf-dist/tex/generic/pgf/utilities/pgfutil-common.tex
\pgfutil@everybye=\toks20
\pgfutil@tempdima=\dimen143
\pgfutil@tempdimb=\dimen144
 (/usr/local/texlive/2021/texmf-dist/tex/generic/pgf/utilities/pgfutil-common-lists.tex)) (/usr/local/texlive/2021/texmf-dist/tex/generic/pgf/utilities/pgfutil-latex.def
\pgfutil@abb=\box52
) (/usr/local/texlive/2021/texmf-dist/tex/generic/pgf/utilities/pgfrcs.code.tex (/usr/local/texlive/2021/texmf-dist/tex/generic/pgf/pgf.revision.tex)
Package: pgfrcs 2020/12/27 v3.1.8b (3.1.8b)
))
Package: pgf 2020/12/27 v3.1.8b (3.1.8b)
 (/usr/local/texlive/2021/texmf-dist/tex/latex/pgf/basiclayer/pgfcore.sty (/usr/local/texlive/2021/texmf-dist/tex/latex/graphics/graphicx.sty
Package: graphicx 2020/09/09 v1.2b Enhanced LaTeX Graphics (DPC,SPQR)
 (/usr/local/texlive/2021/texmf-dist/tex/latex/graphics/graphics.sty
Package: graphics 2020/08/30 v1.4c Standard LaTeX Graphics (DPC,SPQR)
 (/usr/local/texlive/2021/texmf-dist/tex/latex/graphics/trig.sty
Package: trig 2016/01/03 v1.10 sin cos tan (DPC)
) (/usr/local/texlive/2021/texmf-dist/tex/latex/graphics-cfg/graphics.cfg
File: graphics.cfg 2016/06/04 v1.11 sample graphics configuration
)
Package graphics Info: Driver file: xetex.def on input line 105.
)
\Gin@req@height=\dimen145
\Gin@req@width=\dimen146
) (/usr/local/texlive/2021/texmf-dist/tex/latex/pgf/systemlayer/pgfsys.sty (/usr/local/texlive/2021/texmf-dist/tex/generic/pgf/systemlayer/pgfsys.code.tex
Package: pgfsys 2020/12/27 v3.1.8b (3.1.8b)
 (/usr/local/texlive/2021/texmf-dist/tex/generic/pgf/utilities/pgfkeys.code.tex
\pgfkeys@pathtoks=\toks21
\pgfkeys@temptoks=\toks22
 (/usr/local/texlive/2021/texmf-dist/tex/generic/pgf/utilities/pgfkeysfiltered.code.tex
\pgfkeys@tmptoks=\toks23
))
\pgf@x=\dimen147
\pgf@y=\dimen148
\pgf@xa=\dimen149
\pgf@ya=\dimen150
\pgf@xb=\dimen151
\pgf@yb=\dimen152
\pgf@xc=\dimen153
\pgf@yc=\dimen154
\pgf@xd=\dimen155
\pgf@yd=\dimen156
\w@pgf@writea=\write3
\r@pgf@reada=\read2
\c@pgf@counta=\count198
\c@pgf@countb=\count199
\c@pgf@countc=\count266
\c@pgf@countd=\count267
\t@pgf@toka=\toks24
\t@pgf@tokb=\toks25
\t@pgf@tokc=\toks26
\pgf@sys@id@count=\count268
 (/usr/local/texlive/2021/texmf-dist/tex/generic/pgf/systemlayer/pgf.cfg
File: pgf.cfg 2020/12/27 v3.1.8b (3.1.8b)
)
Driver file for pgf: pgfsys-xetex.def
 (/usr/local/texlive/2021/texmf-dist/tex/generic/pgf/systemlayer/pgfsys-xetex.def
File: pgfsys-xetex.def 2020/12/27 v3.1.8b (3.1.8b)
 (/usr/local/texlive/2021/texmf-dist/tex/generic/pgf/systemlayer/pgfsys-dvipdfmx.def
File: pgfsys-dvipdfmx.def 2020/12/27 v3.1.8b (3.1.8b)
 (/usr/local/texlive/2021/texmf-dist/tex/generic/pgf/systemlayer/pgfsys-common-pdf.def
File: pgfsys-common-pdf.def 2020/12/27 v3.1.8b (3.1.8b)
)
\pgfsys@objnum=\count269
))) (/usr/local/texlive/2021/texmf-dist/tex/generic/pgf/systemlayer/pgfsyssoftpath.code.tex
File: pgfsyssoftpath.code.tex 2020/12/27 v3.1.8b (3.1.8b)
\pgfsyssoftpath@smallbuffer@items=\count270
\pgfsyssoftpath@bigbuffer@items=\count271
) (/usr/local/texlive/2021/texmf-dist/tex/generic/pgf/systemlayer/pgfsysprotocol.code.tex
File: pgfsysprotocol.code.tex 2020/12/27 v3.1.8b (3.1.8b)
)) (/usr/local/texlive/2021/texmf-dist/tex/generic/pgf/basiclayer/pgfcore.code.tex
Package: pgfcore 2020/12/27 v3.1.8b (3.1.8b)
 (/usr/local/texlive/2021/texmf-dist/tex/generic/pgf/math/pgfmath.code.tex (/usr/local/texlive/2021/texmf-dist/tex/generic/pgf/math/pgfmathcalc.code.tex (/usr/local/texlive/2021/texmf-dist/tex/generic/pgf/math/pgfmathutil.code.tex) (/usr/local/texlive/2021/texmf-dist/tex/generic/pgf/math/pgfmathparser.code.tex
\pgfmath@dimen=\dimen157
\pgfmath@count=\count272
\pgfmath@box=\box53
\pgfmath@toks=\toks27
\pgfmath@stack@operand=\toks28
\pgfmath@stack@operation=\toks29
) (/usr/local/texlive/2021/texmf-dist/tex/generic/pgf/math/pgfmathfunctions.code.tex (/usr/local/texlive/2021/texmf-dist/tex/generic/pgf/math/pgfmathfunctions.basic.code.tex) (/usr/local/texlive/2021/texmf-dist/tex/generic/pgf/math/pgfmathfunctions.trigonometric.code.tex) (/usr/local/texlive/2021/texmf-dist/tex/generic/pgf/math/pgfmathfunctions.random.code.tex) (/usr/local/texlive/2021/texmf-dist/tex/generic/pgf/math/pgfmathfunctions.comparison.code.tex) (/usr/local/texlive/2021/texmf-dist/tex/generic/pgf/math/pgfmathfunctions.base.code.tex) (/usr/local/texlive/2021/texmf-dist/tex/generic/pgf/math/pgfmathfunctions.round.code.tex) (/usr/local/texlive/2021/texmf-dist/tex/generic/pgf/math/pgfmathfunctions.misc.code.tex) (/usr/local/texlive/2021/texmf-dist/tex/generic/pgf/math/pgfmathfunctions.integerarithmetics.code.tex))) (/usr/local/texlive/2021/texmf-dist/tex/generic/pgf/math/pgfmathfloat.code.tex
\c@pgfmathroundto@lastzeros=\count273
)) (/usr/local/texlive/2021/texmf-dist/tex/generic/pgf/math/pgfint.code.tex) (/usr/local/texlive/2021/texmf-dist/tex/generic/pgf/basiclayer/pgfcorepoints.code.tex
File: pgfcorepoints.code.tex 2020/12/27 v3.1.8b (3.1.8b)
\pgf@picminx=\dimen158
\pgf@picmaxx=\dimen159
\pgf@picminy=\dimen160
\pgf@picmaxy=\dimen161
\pgf@pathminx=\dimen162
\pgf@pathmaxx=\dimen163
\pgf@pathminy=\dimen164
\pgf@pathmaxy=\dimen165
\pgf@xx=\dimen166
\pgf@xy=\dimen167
\pgf@yx=\dimen168
\pgf@yy=\dimen169
\pgf@zx=\dimen170
\pgf@zy=\dimen171
) (/usr/local/texlive/2021/texmf-dist/tex/generic/pgf/basiclayer/pgfcorepathconstruct.code.tex
File: pgfcorepathconstruct.code.tex 2020/12/27 v3.1.8b (3.1.8b)
\pgf@path@lastx=\dimen172
\pgf@path@lasty=\dimen173
) (/usr/local/texlive/2021/texmf-dist/tex/generic/pgf/basiclayer/pgfcorepathusage.code.tex
File: pgfcorepathusage.code.tex 2020/12/27 v3.1.8b (3.1.8b)
\pgf@shorten@end@additional=\dimen174
\pgf@shorten@start@additional=\dimen175
) (/usr/local/texlive/2021/texmf-dist/tex/generic/pgf/basiclayer/pgfcorescopes.code.tex
File: pgfcorescopes.code.tex 2020/12/27 v3.1.8b (3.1.8b)
\pgfpic=\box54
\pgf@hbox=\box55
\pgf@layerbox@main=\box56
\pgf@picture@serial@count=\count274
) (/usr/local/texlive/2021/texmf-dist/tex/generic/pgf/basiclayer/pgfcoregraphicstate.code.tex
File: pgfcoregraphicstate.code.tex 2020/12/27 v3.1.8b (3.1.8b)
\pgflinewidth=\dimen176
) (/usr/local/texlive/2021/texmf-dist/tex/generic/pgf/basiclayer/pgfcoretransformations.code.tex
File: pgfcoretransformations.code.tex 2020/12/27 v3.1.8b (3.1.8b)
\pgf@pt@x=\dimen177
\pgf@pt@y=\dimen178
\pgf@pt@temp=\dimen179
) (/usr/local/texlive/2021/texmf-dist/tex/generic/pgf/basiclayer/pgfcorequick.code.tex
File: pgfcorequick.code.tex 2020/12/27 v3.1.8b (3.1.8b)
) (/usr/local/texlive/2021/texmf-dist/tex/generic/pgf/basiclayer/pgfcoreobjects.code.tex
File: pgfcoreobjects.code.tex 2020/12/27 v3.1.8b (3.1.8b)
) (/usr/local/texlive/2021/texmf-dist/tex/generic/pgf/basiclayer/pgfcorepathprocessing.code.tex
File: pgfcorepathprocessing.code.tex 2020/12/27 v3.1.8b (3.1.8b)
) (/usr/local/texlive/2021/texmf-dist/tex/generic/pgf/basiclayer/pgfcorearrows.code.tex
File: pgfcorearrows.code.tex 2020/12/27 v3.1.8b (3.1.8b)
\pgfarrowsep=\dimen180
) (/usr/local/texlive/2021/texmf-dist/tex/generic/pgf/basiclayer/pgfcoreshade.code.tex
File: pgfcoreshade.code.tex 2020/12/27 v3.1.8b (3.1.8b)
\pgf@max=\dimen181
\pgf@sys@shading@range@num=\count275
\pgf@shadingcount=\count276
) (/usr/local/texlive/2021/texmf-dist/tex/generic/pgf/basiclayer/pgfcoreimage.code.tex
File: pgfcoreimage.code.tex 2020/12/27 v3.1.8b (3.1.8b)
 (/usr/local/texlive/2021/texmf-dist/tex/generic/pgf/basiclayer/pgfcoreexternal.code.tex
File: pgfcoreexternal.code.tex 2020/12/27 v3.1.8b (3.1.8b)
\pgfexternal@startupbox=\box57
)) (/usr/local/texlive/2021/texmf-dist/tex/generic/pgf/basiclayer/pgfcorelayers.code.tex
File: pgfcorelayers.code.tex 2020/12/27 v3.1.8b (3.1.8b)
) (/usr/local/texlive/2021/texmf-dist/tex/generic/pgf/basiclayer/pgfcoretransparency.code.tex
File: pgfcoretransparency.code.tex 2020/12/27 v3.1.8b (3.1.8b)
) (/usr/local/texlive/2021/texmf-dist/tex/generic/pgf/basiclayer/pgfcorepatterns.code.tex
File: pgfcorepatterns.code.tex 2020/12/27 v3.1.8b (3.1.8b)
) (/usr/local/texlive/2021/texmf-dist/tex/generic/pgf/basiclayer/pgfcorerdf.code.tex
File: pgfcorerdf.code.tex 2020/12/27 v3.1.8b (3.1.8b)
))) (/usr/local/texlive/2021/texmf-dist/tex/generic/pgf/modules/pgfmoduleshapes.code.tex
File: pgfmoduleshapes.code.tex 2020/12/27 v3.1.8b (3.1.8b)
\pgfnodeparttextbox=\box58
) (/usr/local/texlive/2021/texmf-dist/tex/generic/pgf/modules/pgfmoduleplot.code.tex
File: pgfmoduleplot.code.tex 2020/12/27 v3.1.8b (3.1.8b)
) (/usr/local/texlive/2021/texmf-dist/tex/latex/pgf/compatibility/pgfcomp-version-0-65.sty
Package: pgfcomp-version-0-65 2020/12/27 v3.1.8b (3.1.8b)
\pgf@nodesepstart=\dimen182
\pgf@nodesepend=\dimen183
) (/usr/local/texlive/2021/texmf-dist/tex/latex/pgf/compatibility/pgfcomp-version-1-18.sty
Package: pgfcomp-version-1-18 2020/12/27 v3.1.8b (3.1.8b)
)) (/usr/local/texlive/2021/texmf-dist/tex/latex/pgf/utilities/pgffor.sty (/usr/local/texlive/2021/texmf-dist/tex/latex/pgf/utilities/pgfkeys.sty (/usr/local/texlive/2021/texmf-dist/tex/generic/pgf/utilities/pgfkeys.code.tex)) (/usr/local/texlive/2021/texmf-dist/tex/latex/pgf/math/pgfmath.sty (/usr/local/texlive/2021/texmf-dist/tex/generic/pgf/math/pgfmath.code.tex)) (/usr/local/texlive/2021/texmf-dist/tex/generic/pgf/utilities/pgffor.code.tex
Package: pgffor 2020/12/27 v3.1.8b (3.1.8b)
 (/usr/local/texlive/2021/texmf-dist/tex/generic/pgf/math/pgfmath.code.tex)
\pgffor@iter=\dimen184
\pgffor@skip=\dimen185
\pgffor@stack=\toks30
\pgffor@toks=\toks31
)) (/usr/local/texlive/2021/texmf-dist/tex/generic/pgf/frontendlayer/tikz/tikz.code.tex
Package: tikz 2020/12/27 v3.1.8b (3.1.8b)
 (/usr/local/texlive/2021/texmf-dist/tex/generic/pgf/libraries/pgflibraryplothandlers.code.tex
File: pgflibraryplothandlers.code.tex 2020/12/27 v3.1.8b (3.1.8b)
\pgf@plot@mark@count=\count277
\pgfplotmarksize=\dimen186
)
\tikz@lastx=\dimen187
\tikz@lasty=\dimen188
\tikz@lastxsaved=\dimen189
\tikz@lastysaved=\dimen190
\tikz@lastmovetox=\dimen191
\tikz@lastmovetoy=\dimen192
\tikzleveldistance=\dimen193
\tikzsiblingdistance=\dimen194
\tikz@figbox=\box59
\tikz@figbox@bg=\box60
\tikz@tempbox=\box61
\tikz@tempbox@bg=\box62
\tikztreelevel=\count278
\tikznumberofchildren=\count279
\tikznumberofcurrentchild=\count280
\tikz@fig@count=\count281
 (/usr/local/texlive/2021/texmf-dist/tex/generic/pgf/modules/pgfmodulematrix.code.tex
File: pgfmodulematrix.code.tex 2020/12/27 v3.1.8b (3.1.8b)
\pgfmatrixcurrentrow=\count282
\pgfmatrixcurrentcolumn=\count283
\pgf@matrix@numberofcolumns=\count284
)
\tikz@expandcount=\count285
 (/usr/local/texlive/2021/texmf-dist/tex/generic/pgf/frontendlayer/tikz/libraries/tikzlibrarytopaths.code.tex
File: tikzlibrarytopaths.code.tex 2020/12/27 v3.1.8b (3.1.8b)
))) (/usr/local/texlive/2021/texmf-dist/tex/latex/circuitikz/circuitikz.sty
Package: circuitikz 2021/03/14{} The CircuiTikz circuit drawing package version 1.3.2
 (/usr/local/texlive/2021/texmf-dist/tex/generic/pgf/frontendlayer/tikz/libraries/tikzlibrarycalc.code.tex
File: tikzlibrarycalc.code.tex 2020/12/27 v3.1.8b (3.1.8b)
) (/usr/local/texlive/2021/texmf-dist/tex/generic/pgf/libraries/pgflibraryarrows.meta.code.tex
File: pgflibraryarrows.meta.code.tex 2020/12/27 v3.1.8b (3.1.8b)
\pgfarrowinset=\dimen195
\pgfarrowlength=\dimen196
\pgfarrowwidth=\dimen197
\pgfarrowlinewidth=\dimen198
) (/usr/local/texlive/2021/texmf-dist/tex/generic/pgf/frontendlayer/tikz/libraries/tikzlibrarybending.code.tex
File: tikzlibrarybending.code.tex 2020/12/27 v3.1.8b (3.1.8b)
 (/usr/local/texlive/2021/texmf-dist/tex/generic/pgf/modules/pgfmodulebending.code.tex
File: pgfmodulebending.code.tex 2020/12/27 v3.1.8b (3.1.8b)
 (/usr/local/texlive/2021/texmf-dist/tex/generic/pgf/modules/pgfmodulenonlineartransformations.code.tex
File: pgfmodulenonlineartransformations.code.tex 2020/12/27 v3.1.8b (3.1.8b)
\pgftransformnonlinearflatness=\dimen199
) (/usr/local/texlive/2021/texmf-dist/tex/generic/pgf/libraries/pgflibrarycurvilinear.code.tex
File: pgflibrarycurvilinear.code.tex 2020/12/27 v3.1.8b (3.1.8b)
\pgf@curvilinear@time@a=\dimen256
\pgf@curvilinear@length@a=\dimen257
\pgf@curvilinear@length@b=\dimen258
\pgf@curvilinear@length@c=\dimen259
\pgf@curvilinear@length@d=\dimen260
)
\pgf@arrows@the@rigidity=\dimen261
)) (/usr/local/texlive/2021/texmf-dist/tex/generic/pgf/frontendlayer/tikz/libraries/tikzlibraryfpu.code.tex (/usr/local/texlive/2021/texmf-dist/tex/generic/pgf/libraries/pgflibraryfpu.code.tex)) (/usr/local/texlive/2021/texmf-dist/tex/generic/circuitikz/pgfcirc.defines.tex
\pgf@circ@count@a=\count286
\pgf@circ@count@b=\count287
\pgf@circ@count@c=\count288
\pgf@circ@res@up=\dimen262
\pgf@circ@res@down=\dimen263
\pgf@circ@res@zero=\dimen264
\pgf@circ@res@left=\dimen265
\pgf@circ@res@right=\dimen266
\pgf@circ@res@other=\dimen267
\pgf@circ@res@step=\dimen268
\pgf@circ@res@temp=\dimen269
\pgf@circ@Rlen=\dimen270
\pgf@circ@scaled@Rlen=\dimen271
\pgfstartlinewidth=\dimen272
) (/usr/local/texlive/2021/texmf-dist/tex/generic/circuitikz/pgfcircutils.tex) (/usr/local/texlive/2021/texmf-dist/tex/generic/circuitikz/pgfcircpath.tex) (/usr/local/texlive/2021/texmf-dist/tex/generic/circuitikz/pgfcircshapes.tex) (/usr/local/texlive/2021/texmf-dist/tex/generic/circuitikz/pgfcircmonopoles.tex) (/usr/local/texlive/2021/texmf-dist/tex/generic/circuitikz/pgfcircbipoles.tex) (/usr/local/texlive/2021/texmf-dist/tex/generic/circuitikz/pgfcirctripoles.tex
\pgf@circ@res@count=\count289
) (/usr/local/texlive/2021/texmf-dist/tex/generic/circuitikz/pgfcircquadpoles.tex) (/usr/local/texlive/2021/texmf-dist/tex/generic/circuitikz/pgfcircmultipoles.tex) (/usr/local/texlive/2021/texmf-dist/tex/generic/circuitikz/pgfcirclabel.tex) (/usr/local/texlive/2021/texmf-dist/tex/generic/circuitikz/pgfcircvoltage.tex
\pgfcirc@labelshift=\dimen273
) (/usr/local/texlive/2021/texmf-dist/tex/generic/circuitikz/pgfcirccurrent.tex) (/usr/local/texlive/2021/texmf-dist/tex/generic/circuitikz/pgfcircflow.tex)) (/usr/local/texlive/2021/texmf-dist/tex/latex/base/inputenc.sty
Package: inputenc 2020/08/01 v1.3d Input encoding file
\inpenc@prehook=\toks32
\inpenc@posthook=\toks33


Package inputenc Warning: inputenc package ignored with utf8 based engines.

) (/usr/local/texlive/2021/texmf-dist/tex/latex/base/fontenc.sty
Package: fontenc 2020/08/10 v2.0s Standard LaTeX package
LaTeX Font Info:    Trying to load font information for T1+lmr on input line 112.
 (/usr/local/texlive/2021/texmf-dist/tex/latex/lm/t1lmr.fd
File: t1lmr.fd 2015/05/01 v1.6.1 Font defs for Latin Modern
)) (/usr/local/texlive/2021/texmf-dist/tex/generic/babel/babel.sty
Package: babel 2021/03/24 3.56 The Babel package
 (/usr/local/texlive/2021/texmf-dist/tex/generic/babel/babel.def
File: babel.def 2021/03/24 3.56 Babel common definitions
\babel@savecnt=\count290
\U@D=\dimen274
\l@babelnohyphens=\language87
 (/usr/local/texlive/2021/texmf-dist/tex/generic/babel/xebabel.def (/usr/local/texlive/2021/texmf-dist/tex/generic/babel/txtbabel.def))
\bbl@readstream=\read3
)
\bbl@dirlevel=\count291
 (/usr/local/texlive/2021/texmf-dist/tex/generic/babel-german/ngerman.ldf
Language: ngerman 2021/02/27 v2.13 German support for babel (post-1996 orthography)
 (/usr/local/texlive/2021/texmf-dist/tex/generic/babel-german/ngermanb.ldf
Language: ngermanb 2021/02/27 v2.13 German support for babel (post-1996 orthography)
Package babel Info: Making " an active character on input line 122.
))) (/usr/local/texlive/2021/texmf-dist/tex/latex/datetime/datetime.sty
Package: datetime 2015/03/20 v2.60 Date Time Package
 (/usr/local/texlive/2021/texmf-dist/tex/latex/fmtcount/fmtcount.sty
Invalid UTF-8 byte or sequence at line 10 replaced by U+FFFD.
Invalid UTF-8 byte or sequence at line 22 replaced by U+FFFD.
Package: fmtcount 2020/01/30 v3.07
 (/usr/local/texlive/2021/texmf-dist/tex/latex/fmtcount/fcprefix.sty
Invalid UTF-8 byte or sequence at line 10 replaced by U+FFFD.
Invalid UTF-8 byte or sequence at line 22 replaced by U+FFFD.
Package: fcprefix 2012/09/28
 (/usr/local/texlive/2021/texmf-dist/tex/latex/fmtcount/fcnumparser.sty
Invalid UTF-8 byte or sequence at line 10 replaced by U+FFFD.
Invalid UTF-8 byte or sequence at line 22 replaced by U+FFFD.
Package: fcnumparser 2017/06/15
\fc@digit@counter=\count292
)) (/usr/local/texlive/2021/texmf-dist/tex/latex/amsmath/amsgen.sty
File: amsgen.sty 1999/11/30 v2.0 generic functions
\@emptytoks=\toks34
\ex@=\dimen275
)
\c@padzeroesN=\count293
\fc@tmpcatcode=\count294
 (/usr/local/texlive/2021/texmf-dist/tex/latex/fmtcount/fc-ngerman.def
Invalid UTF-8 byte or sequence at line 10 replaced by U+FFFD.
Invalid UTF-8 byte or sequence at line 22 replaced by U+FFFD.
File: fc-ngerman.def 2012/06/18
 (/usr/local/texlive/2021/texmf-dist/tex/latex/fmtcount/fc-german.def
Invalid UTF-8 byte or sequence at line 10 replaced by U+FFFD.
Invalid UTF-8 byte or sequence at line 22 replaced by U+FFFD.
File: fc-german.def 2018/06/17
 (/usr/local/texlive/2021/texmf-dist/tex/latex/fmtcount/fc-germanb.def
Invalid UTF-8 byte or sequence at line 10 replaced by U+FFFD.
Invalid UTF-8 byte or sequence at line 22 replaced by U+FFFD.
File: fc-germanb.def 2013/08/17
)) (/usr/local/texlive/2021/texmf-dist/tex/latex/fmtcount/fc-ngermanb.def
Invalid UTF-8 byte or sequence at line 10 replaced by U+FFFD.
Invalid UTF-8 byte or sequence at line 22 replaced by U+FFFD.
File: fc-ngermanb.def 2013/08/17
))
\@DT@modctr=\count295
\@ordinalctr=\count296
\@orgargctr=\count297
\@strctr=\count298
\@tmpstrctr=\count299
\@DT@loopN=\count300
\@DT@X=\count301
) (/usr/local/texlive/2021/texmf-dist/tex/latex/datetime/datetime-defaults.sty
Package: datetime-defaults 2013/09/10
)
\@day=\count302
\@month=\count303
\@year=\count304
\c@HOUR=\count305
\c@HOURXII=\count306
\c@MINUTE=\count307
\c@TOHOUR=\count308
\c@TOMINUTE=\count309
\c@SECOND=\count310
\currenthour=\count311
\currentminute=\count312
\currentsecond=\count313
Package datetime Info: No datetime.cfg file found, using default settings on input line 308.
\@dtctr=\count314
\dayofyear=\count315
\dayofweek=\count316
LaTeX Info: Redefining \today on input line 736.
 (/usr/local/texlive/2021/texmf-dist/tex/latex/datetime/dt-ngerman.def
File: dt-ngerman.def 2013/09/10
LaTeX Info: Redefining \datengerman on input line 86.
)
\dt@a=\toks35
\dt@b=\toks36
) (/usr/local/texlive/2021/texmf-dist/tex/latex/tools/varioref.sty
Package: varioref 2020/08/11 v1.6e package for extended references (FMi)
\c@vrcnt=\count317
) (/usr/local/texlive/2021/texmf-dist/tex/latex/lm/lmodern.sty
Package: lmodern 2015/05/01 v1.6.1 Latin Modern Fonts
LaTeX Font Info:    Overwriting symbol font `operators' in version `normal'
(Font)                  OT1/cmr/m/n --> OT1/lmr/m/n on input line 22.
LaTeX Font Info:    Overwriting symbol font `letters' in version `normal'
(Font)                  OML/cmm/m/it --> OML/lmm/m/it on input line 23.
LaTeX Font Info:    Overwriting symbol font `symbols' in version `normal'
(Font)                  OMS/cmsy/m/n --> OMS/lmsy/m/n on input line 24.
LaTeX Font Info:    Overwriting symbol font `largesymbols' in version `normal'
(Font)                  OMX/cmex/m/n --> OMX/lmex/m/n on input line 25.
LaTeX Font Info:    Overwriting symbol font `operators' in version `bold'
(Font)                  OT1/cmr/bx/n --> OT1/lmr/bx/n on input line 26.
LaTeX Font Info:    Overwriting symbol font `letters' in version `bold'
(Font)                  OML/cmm/b/it --> OML/lmm/b/it on input line 27.
LaTeX Font Info:    Overwriting symbol font `symbols' in version `bold'
(Font)                  OMS/cmsy/b/n --> OMS/lmsy/b/n on input line 28.
LaTeX Font Info:    Overwriting symbol font `largesymbols' in version `bold'
(Font)                  OMX/cmex/m/n --> OMX/lmex/m/n on input line 29.
LaTeX Font Info:    Overwriting math alphabet `\mathbf' in version `normal'
(Font)                  OT1/cmr/bx/n --> OT1/lmr/bx/n on input line 31.
LaTeX Font Info:    Overwriting math alphabet `\mathsf' in version `normal'
(Font)                  OT1/cmss/m/n --> OT1/lmss/m/n on input line 32.
LaTeX Font Info:    Overwriting math alphabet `\mathit' in version `normal'
(Font)                  OT1/cmr/m/it --> OT1/lmr/m/it on input line 33.
LaTeX Font Info:    Overwriting math alphabet `\mathtt' in version `normal'
(Font)                  OT1/cmtt/m/n --> OT1/lmtt/m/n on input line 34.
LaTeX Font Info:    Overwriting math alphabet `\mathbf' in version `bold'
(Font)                  OT1/cmr/bx/n --> OT1/lmr/bx/n on input line 35.
LaTeX Font Info:    Overwriting math alphabet `\mathsf' in version `bold'
(Font)                  OT1/cmss/bx/n --> OT1/lmss/bx/n on input line 36.
LaTeX Font Info:    Overwriting math alphabet `\mathit' in version `bold'
(Font)                  OT1/cmr/bx/it --> OT1/lmr/bx/it on input line 37.
LaTeX Font Info:    Overwriting math alphabet `\mathtt' in version `bold'
(Font)                  OT1/cmtt/m/n --> OT1/lmtt/m/n on input line 38.
) (/usr/local/texlive/2021/texmf-dist/tex/latex/koma-script/scrhack.sty
Package: scrhack 2021/03/17 v3.33 KOMA-Script package (hacking other packages)
) (/usr/local/texlive/2021/texmf-dist/tex/latex/cancel/cancel.sty
Package: cancel 2013/04/12 v2.2 Cancel math terms
) (/usr/local/texlive/2021/texmf-dist/tex/generic/ulem/ulem.sty
\UL@box=\box63
\UL@hyphenbox=\box64
\UL@skip=\skip70
\UL@hook=\toks37
\UL@height=\dimen276
\UL@pe=\count318
\UL@pixel=\dimen277
\ULC@box=\box65
Package: ulem 2019/11/18
\ULdepth=\dimen278
) (/usr/local/texlive/2021/texmf-dist/tex/latex/eurosym/eurosym.sty
Package: eurosym 1998/08/06 v1.1 European currency symbol ``Euro''
\@eurobox=\box66
) (/usr/local/texlive/2021/texmf-dist/tex/latex/blindtext/blindtext.sty
Package: blindtext 2012/01/06 V2.0 blindtext-Package
 (/usr/local/texlive/2021/texmf-dist/tex/latex/tools/xspace.sty
Package: xspace 2014/10/28 v1.13 Space after command names (DPC,MH)
)
\c@blindtext=\count319
\c@Blindtext=\count320
\c@blind@countparstart=\count321
\blind@countxx=\count322
\blindtext@numBlindtext=\count323
\blind@countyy=\count324
\c@blindlist=\count325
\c@blindlistlevel=\count326
\c@blindlist@level=\count327
\blind@listitem=\count328
\c@blind@listcount=\count329
\c@blind@levelcount=\count330
\blind@mathformula=\count331
\blind@Mathformula=\count332
\c@blind@randomcount=\count333
\c@blind@randommax=\count334
\c@blind@pangramcount=\count335
\c@blind@pangrammax=\count336
) (/usr/local/texlive/2021/texmf-dist/tex/latex/base/textcomp.sty
Package: textcomp 2020/02/02 v2.0n Standard LaTeX package
) (/usr/local/texlive/2021/texmf-dist/tex/latex/was/gensymb.sty
Package: gensymb 2003/07/02 v1.0 (WaS)
) (/usr/local/texlive/2021/texmf-dist/tex/latex/microtype/microtype.sty
Package: microtype 2021/03/14 v2.8c Micro-typographical refinements (RS)
\MT@toks=\toks38
\MT@count=\count337
LaTeX Info: Redefining \textls on input line 790.
\MT@outer@kern=\dimen279
LaTeX Info: Redefining \textmicrotypecontext on input line 1374.
\MT@listname@count=\count338
 (/usr/local/texlive/2021/texmf-dist/tex/latex/microtype/microtype-xetex.def
File: microtype-xetex.def 2021/03/14 v2.8c Definitions specific to xetex (RS)
LaTeX Info: Redefining \lsstyle on input line 254.
)
Package microtype Info: Loading configuration file microtype.cfg.
 (/usr/local/texlive/2021/texmf-dist/tex/latex/microtype/microtype.cfg
File: microtype.cfg 2021/03/14 v2.8c microtype main configuration file (RS)
)) (/usr/local/texlive/2021/texmf-dist/tex/latex/setspace/setspace.sty
Package: setspace 2011/12/19 v6.7a set line spacing
)
Package scrhack Info: loading setspace hack on input line 152.
 (/usr/local/texlive/2021/texmf-dist/tex/latex/koma-script/setspace.hak
File: setspace.hak 2021/03/17 v3.33 KOMA-Script scrhack part (hacking package setspace)
) (/usr/local/texlive/2021/texmf-dist/tex/latex/siunitx/siunitx.sty
Package: siunitx 2020/02/25 v2.8b A comprehensive (SI) units package
 (/usr/local/texlive/2021/texmf-dist/tex/latex/amsmath/amstext.sty
Package: amstext 2000/06/29 v2.01 AMS text
) (/usr/local/texlive/2021/texmf-dist/tex/latex/l3packages/l3keys2e/l3keys2e.sty
Package: l3keys2e 2021-03-12 LaTeX2e option processing using LaTeX3 keys
)
\l__siunitx_tmp_box=\box67
\l__siunitx_tmp_dim=\dimen280
\l__siunitx_tmp_int=\count339
\l__siunitx_number_mantissa_length_int=\count340
\l__siunitx_number_uncert_length_int=\count341
\l__siunitx_round_int=\count342
\l__siunitx_process_decimal_int=\count343
\l__siunitx_process_uncertainty_int=\count344
\l__siunitx_process_fixed_int=\count345
\l__siunitx_process_integer_min_int=\count346
\l__siunitx_process_precision_int=\count347
\l__siunitx_group_min_int=\count348
\l__siunitx_angle_marker_box=\box68
\l__siunitx_angle_unit_box=\box69
\l__siunitx_angle_marker_dim=\dimen281
\l__siunitx_angle_unit_dim=\dimen282
\l__siunitx_unit_int=\count349
\l__siunitx_unit_denominator_int=\count350
\l__siunitx_unit_numerator_int=\count351
\l__siunitx_unit_prefix_int=\count352
\l__siunitx_unit_prefix_base_int=\count353
\l__siunitx_unit_prefix_gram_int=\count354
\l__siunitx_number_product_int=\count355
\c__siunitx_one_fill_skip=\skip71
\l__siunitx_table_unit_align_skip=\skip72
\l__siunitx_table_exponent_dim=\dimen283
\l__siunitx_table_integer_dim=\dimen284
\l__siunitx_table_mantissa_dim=\dimen285
\l__siunitx_table_marker_dim=\dimen286
\l__siunitx_table_result_dim=\dimen287
\l__siunitx_table_uncert_dim=\dimen288
\l__siunitx_table_fill_pre_dim=\dimen289
\l__siunitx_table_fill_post_dim=\dimen290
\l__siunitx_table_fill_mid_dim=\dimen291
\l__siunitx_table_pre_box=\box70
\l__siunitx_table_post_box=\box71
\l__siunitx_table_mantissa_box=\box72
\l__siunitx_table_result_box=\box73
\l__siunitx_table_number_align_skip=\skip73
\l__siunitx_table_text_align_skip=\skip74
 (/usr/local/texlive/2021/texmf-dist/tex/latex/translator/translator.sty
Package: translator 2020-08-03 v1.12c Easy translation of strings in LaTeX
)) (/usr/local/texlive/2021/texmf-dist/tex/latex/csquotes/csquotes.sty
Package: csquotes 2021-02-22 v5.2l context-sensitive quotations (JAW)
\csq@reset=\count356
\csq@gtype=\count357
\csq@glevel=\count358
\csq@qlevel=\count359
\csq@maxlvl=\count360
\csq@tshold=\count361
\csq@ltx@everypar=\toks39
 (/usr/local/texlive/2021/texmf-dist/tex/latex/csquotes/csquotes.def
File: csquotes.def 2021-02-22 v5.2l csquotes generic definitions (JAW)
)
Package csquotes Info: Trying to load configuration file 'csquotes.cfg'...
Package csquotes Info: ... configuration file loaded successfully.
 (/usr/local/texlive/2021/texmf-dist/tex/latex/csquotes/csquotes.cfg
File: csquotes.cfg 
)
Package csquotes Info: Enabling strict warnings.
Package csquotes Info: Disabling multilingual quotes.
Package csquotes Info: Redefining alias 'default' -> 'german'.
)
Package scrkbase Info: You've told me to redefine the font selection of the
(scrkbase)             element `partprefix' that is an alias of element
(scrkbase)             `partnumber' on input line 207.
 (/usr/local/texlive/2021/texmf-dist/tex/latex/caption/caption.sty
Package: caption 2020/10/26 v3.5g Customizing captions (AR)
 (/usr/local/texlive/2021/texmf-dist/tex/latex/caption/caption3.sty
Package: caption3 2020/10/21 v2.2e caption3 kernel (AR)
\captionmargin=\dimen292
\captionmargin@=\dimen293
\captionwidth=\dimen294
\caption@tempdima=\dimen295
\caption@indent=\dimen296
\caption@parindent=\dimen297
\caption@hangindent=\dimen298
Package caption Info: KOMA-Script document class detected.
 (/usr/local/texlive/2021/texmf-dist/tex/latex/caption/caption-koma.sto
File: caption-koma.sto 2020/09/21 v2.0b Adaption of the caption package to the KOMA-Script document classes (AR)
))
\c@caption@flags=\count362
\c@continuedfloat=\count363
) (/usr/local/texlive/2021/texmf-dist/tex/latex/caption/subcaption.sty
Package: subcaption 2020/10/07 v1.3j Sub-captions (AR)
\c@subfigure=\count364
\c@subtable=\count365
) (/usr/local/texlive/2021/texmf-dist/tex/latex/wrapfig/wrapfig.sty
\wrapoverhang=\dimen299
\WF@size=\dimen300
\c@WF@wrappedlines=\count366
\WF@box=\box74
\WF@everypar=\toks40
Package: wrapfig 2003/01/31  v 3.6
) (/usr/local/texlive/2021/texmf-dist/tex/latex/tools/tabularx.sty
Package: tabularx 2020/01/15 v2.11c `tabularx' package (DPC)
\TX@col@width=\dimen301
\TX@old@table=\dimen302
\TX@old@col=\dimen303
\TX@target=\dimen304
\TX@delta=\dimen305
\TX@cols=\count367
\TX@ftn=\toks41
) (/usr/local/texlive/2021/texmf-dist/tex/latex/tabulary/tabulary.sty
Package: tabulary 2014/06/11 v0.10 tabulary package (DPC)
\TY@count=\count368
\TY@linewidth=\dimen306
\tymin=\dimen307
\tymax=\dimen308
\TY@tablewidth=\dimen309
) (/usr/local/texlive/2021/texmf-dist/tex/latex/booktabs/booktabs.sty
Package: booktabs 2020/01/12 v1.61803398 Publication quality tables
\heavyrulewidth=\dimen310
\lightrulewidth=\dimen311
\cmidrulewidth=\dimen312
\belowrulesep=\dimen313
\belowbottomsep=\dimen314
\aboverulesep=\dimen315
\abovetopsep=\dimen316
\cmidrulesep=\dimen317
\cmidrulekern=\dimen318
\defaultaddspace=\dimen319
\@cmidla=\count369
\@cmidlb=\count370
\@aboverulesep=\dimen320
\@belowrulesep=\dimen321
\@thisruleclass=\count371
\@lastruleclass=\count372
\@thisrulewidth=\dimen322
) (/usr/local/texlive/2021/texmf-dist/tex/latex/multirow/multirow.sty
Package: multirow 2021/03/15 v2.8 Span multiple rows of a table
\multirow@colwidth=\skip75
\multirow@cntb=\count373
\multirow@dima=\skip76
\bigstrutjot=\dimen323
) (/usr/local/texlive/2021/texmf-dist/tex/latex/tools/multicol.sty
Package: multicol 2019/12/09 v1.8y multicolumn formatting (FMi)
\c@tracingmulticols=\count374
\mult@box=\box75
\multicol@leftmargin=\dimen324
\c@unbalance=\count375
\c@collectmore=\count376
\doublecol@number=\count377
\multicoltolerance=\count378
\multicolpretolerance=\count379
\full@width=\dimen325
\page@free=\dimen326
\premulticols=\dimen327
\postmulticols=\dimen328
\multicolsep=\skip77
\multicolbaselineskip=\skip78
\partial@page=\box76
\last@line=\box77
\maxbalancingoverflow=\dimen329
\mult@rightbox=\box78
\mult@grightbox=\box79
\mult@gfirstbox=\box80
\mult@firstbox=\box81
\@tempa=\box82
\@tempa=\box83
\@tempa=\box84
\@tempa=\box85
\@tempa=\box86
\@tempa=\box87
\@tempa=\box88
\@tempa=\box89
\@tempa=\box90
\@tempa=\box91
\@tempa=\box92
\@tempa=\box93
\@tempa=\box94
\@tempa=\box95
\@tempa=\box96
\@tempa=\box97
\@tempa=\box98
\@tempa=\box99
\@tempa=\box100
\@tempa=\box101
\@tempa=\box102
\@tempa=\box103
\@tempa=\box104
\@tempa=\box105
\@tempa=\box106
\@tempa=\box107
\@tempa=\box108
\@tempa=\box109
\@tempa=\box110
\@tempa=\box111
\@tempa=\box112
\@tempa=\box113
\@tempa=\box114
\@tempa=\box115
\@tempa=\box116
\@tempa=\box117
\@tempa=\box118
\c@minrows=\count380
\c@columnbadness=\count381
\c@finalcolumnbadness=\count382
\last@try=\dimen330
\multicolovershoot=\dimen331
\multicolundershoot=\dimen332
\mult@nat@firstbox=\box119
\colbreak@box=\box120
\mc@col@check@num=\count383
) (/usr/local/texlive/2021/texmf-dist/tex/latex/tools/longtable.sty
Package: longtable 2020/01/07 v4.13 Multi-page Table package (DPC)
\LTleft=\skip79
\LTright=\skip80
\LTpre=\skip81
\LTpost=\skip82
\LTchunksize=\count384
\LTcapwidth=\dimen333
\LT@head=\box121
\LT@firsthead=\box122
\LT@foot=\box123
\LT@lastfoot=\box124
\LT@cols=\count385
\LT@rows=\count386
\c@LT@tables=\count387
\c@LT@chunks=\count388
\LT@p@ftn=\toks42
)
Class scrreprt Info: longtable captions redefined on input line 311.
 (/usr/local/texlive/2021/texmf-dist/tex/latex/csvsimple/csvsimple.sty
Package: csvsimple 2019/04/09 version 1.21 LaTeX CSV file processing
 (/usr/local/texlive/2021/texmf-dist/tex/latex/tools/shellesc.sty
Package: shellesc 2019/11/08 v1.0c unified shell escape interface for LaTeX
Package shellesc Info: Unrestricted shell escape enabled on input line 75.
)
\csv@file=\read4
\c@csvinputline=\count389
\c@csvrow=\count390
\c@csvcol=\count391
\csv@out=\write4
) (/usr/local/texlive/2021/texmf-dist/tex/latex/tablestyles/tablestyles.sty
Package: tablestyles 2011/10/01 v0.1 tablestyles
 (/usr/local/texlive/2021/texmf-dist/tex/latex/ragged2e/ragged2e.sty
Package: ragged2e 2021/02/05 v3.0 ragged2e Package
 (/usr/local/texlive/2021/texmf-dist/tex/latex/everysel/everysel.sty
Package: everysel 2021/01/20 v2.1 EverySelectfont Package (MS)
 (/usr/local/texlive/2021/texmf-dist/tex/latex/everysel/everysel-2011-10-28.sty))
\CenteringLeftskip=\skip83
\RaggedLeftLeftskip=\skip84
\RaggedRightLeftskip=\skip85
\CenteringRightskip=\skip86
\RaggedLeftRightskip=\skip87
\RaggedRightRightskip=\skip88
\CenteringParfillskip=\skip89
\RaggedLeftParfillskip=\skip90
\RaggedRightParfillskip=\skip91
\JustifyingParfillskip=\skip92
\CenteringParindent=\skip93
\RaggedLeftParindent=\skip94
\RaggedRightParindent=\skip95
\JustifyingParindent=\skip96
)

Package array Warning: Column W is already defined on input line 264.

) (/usr/local/texlive/2021/texmf-dist/tex/latex/enumitem/enumitem.sty
Package: enumitem 2019/06/20 v3.9 Customized lists
\labelindent=\skip97
\enit@outerparindent=\dimen334
\enit@toks=\toks43
\enit@inbox=\box125
\enit@count@id=\count392
\enitdp@description=\count393
) (/usr/local/texlive/2021/texmf-dist/tex/latex/nomentbl/nomentbl.sty
Package: nomentbl 2006/04/14 v0.4 Nomenclature in a longtable environment
 (/usr/local/texlive/2021/texmf-dist/tex/latex/nomencl/nomencl.sty
Package: nomencl 2020/12/29 v5.5 Nomenclature package
Package tocbasic Info: setting babel extension for `nlo' on input line 187.
Package tocbasic Info: setting babel extension for `nls' on input line 188.
\nomlabelwidth=\dimen335
\nom@tempdim=\dimen336
\nomitemsep=\skip98
)
Package scrhack Info: loading nomencl hack on input line 33.
 (/usr/local/texlive/2021/texmf-dist/tex/latex/koma-script/nomencl.hak
File: nomencl.hak 2021/03/17 v3.33 KOMA-Script scrhack part (hacking package nomencl)
Package scrhack Info: only `tocbasic' loaded for `nomencl' on input line 79.
)) (/usr/local/texlive/2021/texmf-dist/tex/latex/listings/listings.sty
\lst@mode=\count394
\lst@gtempboxa=\box126
\lst@token=\toks44
\lst@length=\count395
\lst@currlwidth=\dimen337
\lst@column=\count396
\lst@pos=\count397
\lst@lostspace=\dimen338
\lst@width=\dimen339
\lst@newlines=\count398
\lst@lineno=\count399
\lst@maxwidth=\dimen340
 (/usr/local/texlive/2021/texmf-dist/tex/latex/listings/lstmisc.sty
File: lstmisc.sty 2020/03/24 1.8d (Carsten Heinz)
\c@lstnumber=\count400
\lst@skipnumbers=\count401
\lst@framebox=\box127
) (/usr/local/texlive/2021/texmf-dist/tex/latex/listings/listings.cfg
File: listings.cfg 2020/03/24 1.8d listings configuration
))
Package scrhack Info: loading listings hack on input line 320.
 (/usr/local/texlive/2021/texmf-dist/tex/latex/koma-script/listings.hak
File: listings.hak 2021/03/17 v3.33 KOMA-Script scrhack part (hacking package listings)
Package tocbasic Info: setting babel extension for `lol' on input line 143.
Package scrhack Info: redefining \lstlistoflistings on input line 143.
)
Package: listings 2020/03/24 1.8d (Carsten Heinz)
 (/usr/local/texlive/2021/texmf-dist/tex/latex/geometry/geometry.sty
Package: geometry 2020/01/02 v5.9 Page Geometry
 (/usr/local/texlive/2021/texmf-dist/tex/generic/iftex/ifvtex.sty
Package: ifvtex 2019/10/25 v1.7 ifvtex legacy package. Use iftex instead.
 (/usr/local/texlive/2021/texmf-dist/tex/generic/iftex/iftex.sty
Package: iftex 2020/03/06 v1.0d TeX engine tests
))
\Gm@cnth=\count402
\Gm@cntv=\count403
\c@Gm@tempcnt=\count404
\Gm@bindingoffset=\dimen341
\Gm@wd@mp=\dimen342
\Gm@odd@mp=\dimen343
\Gm@even@mp=\dimen344
\Gm@layoutwidth=\dimen345
\Gm@layoutheight=\dimen346
\Gm@layouthoffset=\dimen347
\Gm@layoutvoffset=\dimen348
\Gm@dimlist=\toks45
) (/usr/local/texlive/2021/texmf-dist/tex/latex/forest/forest.sty
Package: forest 2017/07/14 v2.1.5 Drawing (linguistic) trees
 (/usr/local/texlive/2021/texmf-dist/tex/generic/pgf/frontendlayer/tikz/libraries/tikzlibraryshapes.code.tex
File: tikzlibraryshapes.code.tex 2020/12/27 v3.1.8b (3.1.8b)
 (/usr/local/texlive/2021/texmf-dist/tex/generic/pgf/frontendlayer/tikz/libraries/tikzlibraryshapes.geometric.code.tex
File: tikzlibraryshapes.geometric.code.tex 2020/12/27 v3.1.8b (3.1.8b)
 (/usr/local/texlive/2021/texmf-dist/tex/generic/pgf/libraries/shapes/pgflibraryshapes.geometric.code.tex
File: pgflibraryshapes.geometric.code.tex 2020/12/27 v3.1.8b (3.1.8b)
)) (/usr/local/texlive/2021/texmf-dist/tex/generic/pgf/frontendlayer/tikz/libraries/tikzlibraryshapes.misc.code.tex
File: tikzlibraryshapes.misc.code.tex 2020/12/27 v3.1.8b (3.1.8b)
 (/usr/local/texlive/2021/texmf-dist/tex/generic/pgf/libraries/shapes/pgflibraryshapes.misc.code.tex
File: pgflibraryshapes.misc.code.tex 2020/12/27 v3.1.8b (3.1.8b)
)) (/usr/local/texlive/2021/texmf-dist/tex/generic/pgf/frontendlayer/tikz/libraries/tikzlibraryshapes.symbols.code.tex
File: tikzlibraryshapes.symbols.code.tex 2020/12/27 v3.1.8b (3.1.8b)
 (/usr/local/texlive/2021/texmf-dist/tex/generic/pgf/libraries/shapes/pgflibraryshapes.symbols.code.tex
File: pgflibraryshapes.symbols.code.tex 2020/12/27 v3.1.8b (3.1.8b)
)) (/usr/local/texlive/2021/texmf-dist/tex/generic/pgf/frontendlayer/tikz/libraries/tikzlibraryshapes.arrows.code.tex
File: tikzlibraryshapes.arrows.code.tex 2020/12/27 v3.1.8b (3.1.8b)
 (/usr/local/texlive/2021/texmf-dist/tex/generic/pgf/libraries/shapes/pgflibraryshapes.arrows.code.tex
File: pgflibraryshapes.arrows.code.tex 2020/12/27 v3.1.8b (3.1.8b)
)) (/usr/local/texlive/2021/texmf-dist/tex/generic/pgf/frontendlayer/tikz/libraries/tikzlibraryshapes.callouts.code.tex (/usr/local/texlive/2021/texmf-dist/tex/generic/pgf/libraries/shapes/pgflibraryshapes.callouts.code.tex)) (/usr/local/texlive/2021/texmf-dist/tex/generic/pgf/frontendlayer/tikz/libraries/tikzlibraryshapes.multipart.code.tex
File: tikzlibraryshapes.multipart.code.tex 2020/12/27 v3.1.8b (3.1.8b)
 (/usr/local/texlive/2021/texmf-dist/tex/generic/pgf/libraries/shapes/pgflibraryshapes.multipart.code.tex
File: pgflibraryshapes.multipart.code.tex 2020/12/27 v3.1.8b (3.1.8b)
\pgfnodepartlowerbox=\box128
\pgfnodeparttwobox=\box129
\pgfnodepartthreebox=\box130
\pgfnodepartfourbox=\box131
\pgfnodeparttwentybox=\box132
\pgfnodepartnineteenbox=\box133
\pgfnodeparteighteenbox=\box134
\pgfnodepartseventeenbox=\box135
\pgfnodepartsixteenbox=\box136
\pgfnodepartfifteenbox=\box137
\pgfnodepartfourteenbox=\box138
\pgfnodepartthirteenbox=\box139
\pgfnodeparttwelvebox=\box140
\pgfnodepartelevenbox=\box141
\pgfnodeparttenbox=\box142
\pgfnodepartninebox=\box143
\pgfnodeparteightbox=\box144
\pgfnodepartsevenbox=\box145
\pgfnodepartsixbox=\box146
\pgfnodepartfivebox=\box147
))) (/usr/local/texlive/2021/texmf-dist/tex/generic/pgf/frontendlayer/tikz/libraries/tikzlibraryfit.code.tex
File: tikzlibraryfit.code.tex 2020/12/27 v3.1.8b (3.1.8b)
) (/usr/local/texlive/2021/texmf-dist/tex/generic/pgf/libraries/pgflibraryintersections.code.tex
\pgf@intersect@solutions=\count405
) (/usr/local/texlive/2021/texmf-dist/tex/latex/pgfopts/pgfopts.sty
Package: pgfopts 2014/07/10 v2.1a LaTeX package options with pgfkeys
\pgfopts@list@add@a@toks=\toks46
\pgfopts@list@add@b@toks=\toks47
) (/usr/local/texlive/2021/texmf-dist/tex/latex/elocalloc/elocalloc.sty
Package: elocalloc 2016/12/15 v0.03 local allocation for LaTeX 2015+ (DPC)
) (/usr/local/texlive/2021/texmf-dist/tex/latex/environ/environ.sty
Package: environ 2014/05/04 v0.3 A new way to define environments
 (/usr/local/texlive/2021/texmf-dist/tex/latex/trimspaces/trimspaces.sty
Package: trimspaces 2009/09/17 v1.1 Trim spaces around a token list
)
\@envbody=\toks48
) (/usr/local/texlive/2021/texmf-dist/tex/latex/inlinedef/inlinedef.sty
Package: inlinedef 2008/07/10 v1.0 Inlined expansions within definitions
\ID@toks=\toks49
\ID@count=\count406
)
\ID@usercommands=\toks50
\safeloop@depth=\count407
\safeRKloop@depth=\count408
\forest@temp@dimen=\dimen349
\forest@temp@count=\count409
\forest@n=\count410
\forest@temp@global@count=\count411
\forest@temp@toks=\toks51
\forest@temparray@M=\count412
\forest@temparray@N=\count413
\forest@global@temparray@M=\count414
\forest@global@temparray@N=\count415
\forest@isnum@count=\count416
\forest@isdim@nonintpart=\count417
\forest@isdim@dimen=\dimen350
\forest@sort@m=\count418
\forest@sort@k=\count419
\forest@sort@p=\count420
\bracket@content=\toks52
\bracket@afterthought=\toks53
\forest@node@maxid=\count421
\forest@process@left@M=\count422
\forest@process@left@N=\count423
\forest@process@right@M=\count424
\forest@process@right@N=\count425
\forest@process@saved@M=\count426
\forest@process@saved@N=\count427
\forest@process@result@M=\count428
\forest@process@result@N=\count429
\forest@process@n=\count430
\forest@nodewalk@branch@toks=\toks54
\forest@nodewalk@shortsteps@resolution=\toks55
\forest@do@dynamics=\toks56
\forest@box=\box148
\forest@xg=\dimen351
\forest@yg=\dimen352
\forest@xs=\dimen353
\forest@ys=\dimen354
\forest@pi@toks=\toks57
\forest@segment@toks=\toks58
\forest@PIi@toks=\toks59
\forest@PIii@toks=\toks60
\forest@copy@in=\read5
\forest@copy@out=\write5
\forest@externalize@max@outer@n=\count431
\forest@externalize@inner@n=\count432
) (/usr/local/texlive/2021/texmf-dist/tex/latex/koma-script/scrlayer-scrpage.sty
Package: scrlayer-scrpage 2021/03/17 v3.33 KOMA-Script package (end user interface for scrlayer)
 (/usr/local/texlive/2021/texmf-dist/tex/latex/koma-script/scrlayer.sty
Package: scrlayer 2021/03/17 v3.33 KOMA-Script package (defining layers and page styles)
Package scrlayer Info: Using already defined \footheight
(scrlayer)             hoping, that this is a length and
(scrlayer)             not only a macro on input line 136.
Package scrlayer Info: patching LaTeX kernel macro \pagestyle on input line 2162.
)
Package scrlayer-scrpage Info: Makeing stand-alone element `pagehead' from
(scrlayer-scrpage)             alias to `pageheadfoot' on input line 1085.
Package scrlayer-scrpage Info: deactivating warning for font element
(scrlayer-scrpage)             `pagefoot' on input line 1109.
)
Package scrlayer-scrpage Info: auto-selection of `pagestyleset=KOMA-Script'.
 (/usr/local/texlive/2021/texmf-dist/tex/latex/url/url.sty
\Urlmuskip=\muskip16
Package: url 2013/09/16  ver 3.4  Verb mode for urls, etc.
)
Package scrhack Info: hyperref hack deactivated because of
(scrhack)             detection of KOMA-Script class, that doesn't
(scrhack)             need that hack, on input line 359.
 (/usr/local/texlive/2021/texmf-dist/tex/latex/hyperref/hyperref.sty
Package: hyperref 2021-02-27 v7.00k Hypertext links for LaTeX
 (/usr/local/texlive/2021/texmf-dist/tex/generic/pdftexcmds/pdftexcmds.sty
Package: pdftexcmds 2020-06-27 v0.33 Utility functions of pdfTeX for LuaTeX (HO)
 (/usr/local/texlive/2021/texmf-dist/tex/generic/infwarerr/infwarerr.sty
Package: infwarerr 2019/12/03 v1.5 Providing info/warning/error messages (HO)
)
Package pdftexcmds Info: \pdf@primitive is available.
Package pdftexcmds Info: \pdf@ifprimitive is available.
Package pdftexcmds Info: \pdfdraftmode not found.
) (/usr/local/texlive/2021/texmf-dist/tex/generic/kvdefinekeys/kvdefinekeys.sty
Package: kvdefinekeys 2019-12-19 v1.6 Define keys (HO)
) (/usr/local/texlive/2021/texmf-dist/tex/generic/pdfescape/pdfescape.sty
Package: pdfescape 2019/12/09 v1.15 Implements pdfTeX's escape features (HO)
) (/usr/local/texlive/2021/texmf-dist/tex/latex/hycolor/hycolor.sty
Package: hycolor 2020-01-27 v1.10 Color options for hyperref/bookmark (HO)
) (/usr/local/texlive/2021/texmf-dist/tex/latex/letltxmacro/letltxmacro.sty
Package: letltxmacro 2019/12/03 v1.6 Let assignment for LaTeX macros (HO)
) (/usr/local/texlive/2021/texmf-dist/tex/latex/auxhook/auxhook.sty
Package: auxhook 2019-12-17 v1.6 Hooks for auxiliary files (HO)
)
\@linkdim=\dimen355
\Hy@linkcounter=\count433
\Hy@pagecounter=\count434
 (/usr/local/texlive/2021/texmf-dist/tex/latex/hyperref/pd1enc.def
File: pd1enc.def 2021-02-27 v7.00k Hyperref: PDFDocEncoding definition (HO)
) (/usr/local/texlive/2021/texmf-dist/tex/latex/hyperref/hyperref-langpatches.def
File: hyperref-langpatches.def 2021-02-27 v7.00k Hyperref: patches for babel languages
) (/usr/local/texlive/2021/texmf-dist/tex/generic/intcalc/intcalc.sty
Package: intcalc 2019/12/15 v1.3 Expandable calculations with integers (HO)
) (/usr/local/texlive/2021/texmf-dist/tex/generic/etexcmds/etexcmds.sty
Package: etexcmds 2019/12/15 v1.7 Avoid name clashes with e-TeX commands (HO)
)
\Hy@SavedSpaceFactor=\count435
 (/usr/local/texlive/2021/texmf-dist/tex/latex/hyperref/puenc.def
File: puenc.def 2021-02-27 v7.00k Hyperref: PDF Unicode definition (HO)
)
Package hyperref Info: Option `plainpages' set `false' on input line 4073.
Package hyperref Info: Option `colorlinks' set `true' on input line 4073.
Package hyperref Info: Option `breaklinks' set `true' on input line 4073.
Package hyperref Info: Option `bookmarksnumbered' set `true' on input line 4073.
Package hyperref Info: Option `bookmarksopen' set `true' on input line 4073.
Package hyperref Info: Hyper figures OFF on input line 4192.
Package hyperref Info: Link nesting OFF on input line 4197.
Package hyperref Info: Hyper index ON on input line 4200.
Package hyperref Info: Plain pages OFF on input line 4207.
Package hyperref Info: Backreferencing OFF on input line 4212.
Package hyperref Info: Implicit mode ON; LaTeX internals redefined.
Package hyperref Info: Bookmarks ON on input line 4445.
\c@Hy@tempcnt=\count436
LaTeX Info: Redefining \url on input line 4804.
\XeTeXLinkMargin=\dimen356
 (/usr/local/texlive/2021/texmf-dist/tex/generic/bitset/bitset.sty
Package: bitset 2019/12/09 v1.3 Handle bit-vector datatype (HO)
 (/usr/local/texlive/2021/texmf-dist/tex/generic/bigintcalc/bigintcalc.sty
Package: bigintcalc 2019/12/15 v1.5 Expandable calculations on big integers (HO)
))
\Fld@menulength=\count437
\Field@Width=\dimen357
\Fld@charsize=\dimen358
Package hyperref Info: Hyper figures OFF on input line 6075.
Package hyperref Info: Link nesting OFF on input line 6080.
Package hyperref Info: Hyper index ON on input line 6083.
Package hyperref Info: backreferencing OFF on input line 6090.
Package hyperref Info: Link coloring ON on input line 6093.
Package hyperref Info: Link coloring with OCG OFF on input line 6100.
Package hyperref Info: PDF/A mode OFF on input line 6105.
LaTeX Info: Redefining \ref on input line 6145.
LaTeX Info: Redefining \pageref on input line 6149.
 (/usr/local/texlive/2021/texmf-dist/tex/latex/base/atbegshi-ltx.sty
Package: atbegshi-ltx 2020/08/17 v1.0a Emulation of the original atbegshi package
with kernel methods
)
\Hy@abspage=\count438
\c@Item=\count439
\c@Hfootnote=\count440
)
Package hyperref Info: Driver (autodetected): hxetex.
 (/usr/local/texlive/2021/texmf-dist/tex/latex/hyperref/hxetex.def
File: hxetex.def 2021-02-27 v7.00k Hyperref driver for XeTeX
 (/usr/local/texlive/2021/texmf-dist/tex/generic/stringenc/stringenc.sty
Package: stringenc 2019/11/29 v1.12 Convert strings between diff. encodings (HO)
)
\pdfm@box=\box149
\c@Hy@AnnotLevel=\count441
\HyField@AnnotCount=\count442
\Fld@listcount=\count443
\c@bookmark@seq@number=\count444
 (/usr/local/texlive/2021/texmf-dist/tex/latex/rerunfilecheck/rerunfilecheck.sty
Package: rerunfilecheck 2019/12/05 v1.9 Rerun checks for auxiliary files (HO)
 (/usr/local/texlive/2021/texmf-dist/tex/latex/base/atveryend-ltx.sty
Package: atveryend-ltx 2020/08/19 v1.0a Emulation of the original atvery package
with kernel methods
) (/usr/local/texlive/2021/texmf-dist/tex/generic/uniquecounter/uniquecounter.sty
Package: uniquecounter 2019/12/15 v1.4 Provide unlimited unique counter (HO)
)
Package uniquecounter Info: New unique counter `rerunfilecheck' on input line 286.
)
\Hy@SectionHShift=\skip99
) (/usr/local/texlive/2021/texmf-dist/tex/latex/bookmark/bookmark.sty
Package: bookmark 2020-11-06 v1.29 PDF bookmarks (HO)
 (/usr/local/texlive/2021/texmf-dist/tex/latex/bookmark/bkm-dvipdfm.def
File: bkm-dvipdfm.def 2020-11-06 v1.29 bookmark driver for dvipdfm (HO)
\BKM@id=\count445
)) (/usr/local/texlive/2021/texmf-dist/tex/latex/base/makeidx.sty
Package: makeidx 2014/09/29 v1.0m Standard LaTeX package
) (/usr/local/texlive/2021/texmf-dist/tex/latex/parallel/parallel.sty
Package: parallel 2003/04/13, setting two texts parallel (me)
 `parallel': setting two texts parallel, (beta 4) 2003/04/13.
\ParallelLWidth=\dimen359
\ParallelRWidth=\dimen360
\ParallelTextWidth=\dimen361
\ParallelLeftMargin=\dimen362
\ParallelUserMidSkip=\dimen363
\ParallelMainMidSkip=\dimen364
\ParallelLBox=\box150
\ParallelRBox=\box151
\ParallelBoxVar=\box152
\ParallelLTok=\box153
\ParallelRTok=\box154
\ParallelBoolVar=\count446
\ParallelBoolMid=\count447
\ParallelWhichBox=\count448
\ParallelMainMode=\count449
\ParallelFNMode=\count450
\ParallelLFNCounter=\count451
\ParallelRFNCounter=\count452
\ParallelMaxFN=\count453
\ParallelFNNumMode=\count454
) (/usr/local/texlive/2021/texmf-dist/tex/latex/glossaries/base/glossaries.sty
Package: glossaries 2020/03/19 v4.46 (NLCT)
 (/usr/local/texlive/2021/texmf-dist/tex/latex/mfirstuc/mfirstuc.sty
Package: mfirstuc 2017/11/14 v2.06 (NLCT)
\@glsmfirst=\toks61
\@glsmrest=\toks62
) (/usr/local/texlive/2021/texmf-dist/tex/latex/textcase/textcase.sty
Package: textcase 2019/09/14 v1.00 Text only upper/lower case changing (DPC)
) (/usr/local/texlive/2021/texmf-dist/tex/latex/xfor/xfor.sty
Package: xfor 2009/02/05 v1.05 (NLCT)
) (/usr/local/texlive/2021/texmf-dist/tex/latex/datatool/datatool-base.sty
Package: datatool-base 2019/09/27 v2.32 (NLCT)
 (/usr/local/texlive/2021/texmf-dist/tex/latex/amsmath/amsmath.sty
Package: amsmath 2020/09/23 v2.17i AMS math features
\@mathmargin=\skip100

For additional information on amsmath, use the `?' option.
(/usr/local/texlive/2021/texmf-dist/tex/latex/amsmath/amsbsy.sty
Package: amsbsy 1999/11/29 v1.2d Bold Symbols
\pmbraise@=\dimen365
) (/usr/local/texlive/2021/texmf-dist/tex/latex/amsmath/amsopn.sty
Package: amsopn 2016/03/08 v2.02 operator names
)
\inf@bad=\count455
LaTeX Info: Redefining \frac on input line 234.
\uproot@=\count456
\leftroot@=\count457
LaTeX Info: Redefining \overline on input line 399.
\classnum@=\count458
\DOTSCASE@=\count459
LaTeX Info: Redefining \ldots on input line 496.
LaTeX Info: Redefining \dots on input line 499.
LaTeX Info: Redefining \cdots on input line 620.
\Mathstrutbox@=\box155
\strutbox@=\box156
\big@size=\dimen366
LaTeX Font Info:    Redeclaring font encoding OML on input line 743.
LaTeX Font Info:    Redeclaring font encoding OMS on input line 744.
\macc@depth=\count460
\c@MaxMatrixCols=\count461
\dotsspace@=\muskip17
\c@parentequation=\count462
\dspbrk@lvl=\count463
\tag@help=\toks63
\row@=\count464
\column@=\count465
\maxfields@=\count466
\andhelp@=\toks64
\eqnshift@=\dimen367
\alignsep@=\dimen368
\tagshift@=\dimen369
\tagwidth@=\dimen370
\totwidth@=\dimen371
\lineht@=\dimen372
\@envbody=\toks65
\multlinegap=\skip101
\multlinetaggap=\skip102
\mathdisplay@stack=\toks66
LaTeX Info: Redefining \[ on input line 2923.
LaTeX Info: Redefining \] on input line 2924.
) (/usr/local/texlive/2021/texmf-dist/tex/latex/substr/substr.sty
Package: substr 2009/10/20 v1.2 Handle substrings
\c@su@anzahl=\count467
) (/usr/local/texlive/2021/texmf-dist/tex/latex/datatool/datatool-fp.sty
Package: datatool-fp 2019/09/27 v2.32 (NLCT)
 (/usr/local/texlive/2021/texmf-dist/tex/latex/fp/fp.sty
Package: fp 1995/04/02
 `Fixed Point Package', Version 0.8, April 2, 1995 (C) Michael Mehlich (/usr/local/texlive/2021/texmf-dist/tex/latex/fp/defpattern.sty
Package: defpattern 1994/10/12
\actioncount=\count468
) (/usr/local/texlive/2021/texmf-dist/tex/latex/fp/fp-basic.sty
Package: fp-basic 1996/05/13
\FP@xs=\count469
\FP@xia=\count470
\FP@xib=\count471
\FP@xfa=\count472
\FP@xfb=\count473
\FP@rega=\count474
\FP@regb=\count475
\FP@regs=\count476
\FP@times=\count477
) (/usr/local/texlive/2021/texmf-dist/tex/latex/fp/fp-addons.sty
Package: fp-addons 1995/03/15
) (/usr/local/texlive/2021/texmf-dist/tex/latex/fp/fp-snap.sty
Package: fp-snap 1995/04/05
) (/usr/local/texlive/2021/texmf-dist/tex/latex/fp/fp-exp.sty
Package: fp-exp 1995/04/03
) (/usr/local/texlive/2021/texmf-dist/tex/latex/fp/fp-trigo.sty
Package: fp-trigo 1995/04/14
) (/usr/local/texlive/2021/texmf-dist/tex/latex/fp/fp-pas.sty
Package: fp-pas 1994/08/29
) (/usr/local/texlive/2021/texmf-dist/tex/latex/fp/fp-random.sty
Package: fp-random 1995/02/23
\FPseed=\count478
) (/usr/local/texlive/2021/texmf-dist/tex/latex/fp/fp-eqn.sty
Package: fp-eqn 1995/04/03
) (/usr/local/texlive/2021/texmf-dist/tex/latex/fp/fp-upn.sty
Package: fp-upn 1996/10/21
) (/usr/local/texlive/2021/texmf-dist/tex/latex/fp/fp-eval.sty
Package: fp-eval 1995/04/03
)))
\@dtl@toks=\toks67
\@dtl@tmpcount=\count479
\dtl@tmplength=\skip103
\dtl@sortresult=\count480
\@dtl@numgrpsepcount=\count481
\@dtl@datatype=\count482
\dtl@codeA=\count483
\dtl@codeB=\count484
\@dtl@foreach@level=\count485
) (/usr/local/texlive/2021/texmf-dist/tex/latex/glossaries/base/glossaries-compatible-307.sty
Package: glossaries-compatible-307 2020/03/19 v4.46 (NLCT)
) (/usr/local/texlive/2021/texmf-dist/tex/latex/tracklang/tracklang.sty
Package: tracklang 2020/06/30 v1.5 (NLCT) Track Languages
 (/usr/local/texlive/2021/texmf-dist/tex/generic/tracklang/tracklang.tex)) (/usr/local/texlive/2021/texmf-dist/tex/latex/glossaries-german/glossaries-german.ldf
File: glossaries-german.ldf 2014/11/23 v1.0
)
\gls@level=\count486
\@gls@tmpb=\toks68
\gls@tmplen=\skip104
\glskeylisttok=\toks69
\glslabeltok=\toks70
\glsshorttok=\toks71
\glslongtok=\toks72
 (/usr/local/texlive/2021/texmf-dist/tex/latex/glossaries/styles/glossary-hypernav.sty
Package: glossary-hypernav 2020/03/19 v4.46 (NLCT)
) (/usr/local/texlive/2021/texmf-dist/tex/latex/glossaries/styles/glossary-list.sty
Package: glossary-list 2020/03/19 v4.46 (NLCT)
\glslistdottedwidth=\skip105
) (/usr/local/texlive/2021/texmf-dist/tex/latex/glossaries/styles/glossary-long.sty
Package: glossary-long 2020/03/19 v4.46 (NLCT)
\glsdescwidth=\skip106
\glspagelistwidth=\skip107
) (/usr/local/texlive/2021/texmf-dist/tex/latex/glossaries/styles/glossary-super.sty
Package: glossary-super 2020/03/19 v4.46 (NLCT)
 (/usr/local/texlive/2021/texmf-dist/tex/latex/supertabular/supertabular.sty
Package: supertabular 2020/02/02 v4.1g the supertabular environment
\c@tracingst=\count487
\ST@wd=\dimen373
\ST@rightskip=\skip108
\ST@leftskip=\skip109
\ST@parfillskip=\skip110
\ST@pageleft=\dimen374
\ST@headht=\dimen375
\ST@tailht=\dimen376
\ST@pagesofar=\dimen377
\ST@pboxht=\dimen378
\ST@lineht=\dimen379
\ST@prevht=\dimen380
\ST@toadd=\dimen381
\ST@dimen=\dimen382
\ST@pbox=\box157
)) (/usr/local/texlive/2021/texmf-dist/tex/latex/glossaries/styles/glossary-tree.sty
Package: glossary-tree 2020/03/19 v4.46 (NLCT)
\glstreeindent=\skip111
)) (/usr/local/texlive/2021/texmf-dist/tex/latex/glossaries-extra/glossaries-extra.sty
Package: glossaries-extra 2020/04/01 v1.45 (NLCT)
 (/usr/local/texlive/2021/texmf-dist/tex/latex/glossaries-extra/glossaries-extra-bib2gls.sty
Package: glossaries-extra-bib2gls 2020/04/01 v1.45 (NLCT)
)
\@glsxtr@leveloffset=\count488
\glsxtrresourcecount=\count489
\@glsxtrnewgls@inner=\count490
\glsshortpltok=\toks73
\glslongpltok=\toks74
 (/usr/local/texlive/2021/texmf-dist/tex/latex/glossaries-extra/glossaries-extra-stylemods.sty
Package: glossaries-extra-stylemods 2020/04/01 v1.45 (NLCT)
\glsxtrAltTreeIndent=\skip112
\glsxtrtreetopindent=\skip113
)) (/usr/local/texlive/2021/texmf-dist/tex/latex/tablefootnote/tablefootnote.sty
Package: tablefootnote 2014/01/26 v1.1c Table foot notes (HMM)
)
1: section
1: chapter
1: chapter
1: section
(/usr/local/texlive/2021/texmf-dist/tex/latex/amsfonts/amssymb.sty
Package: amssymb 2013/01/14 v3.01 AMS font symbols
 (/usr/local/texlive/2021/texmf-dist/tex/latex/amsfonts/amsfonts.sty
Package: amsfonts 2013/01/14 v3.01 Basic AMSFonts support
\symAMSa=\mathgroup4
\symAMSb=\mathgroup5
LaTeX Font Info:    Redeclaring math symbol \hbar on input line 98.
LaTeX Font Info:    Overwriting math alphabet `\mathfrak' in version `bold'
(Font)                  U/euf/m/n --> U/euf/b/n on input line 106.
)) (/usr/local/texlive/2021/texmf-dist/tex/latex/pdfpages/pdfpages.sty
Package: pdfpages 2021/03/06 v0.5t Insert pages of external PDF documents (AM)
 (/usr/local/texlive/2021/texmf-dist/tex/latex/eso-pic/eso-pic.sty
Package: eso-pic 2020/10/14 v3.0a eso-pic (RN)
\ESO@tempdima=\dimen383
\ESO@tempdimb=\dimen384
)
\AM@pagewidth=\dimen385
\AM@pageheight=\dimen386
\AM@fboxrule=\dimen387
 (/usr/local/texlive/2021/texmf-dist/tex/latex/pdfpages/ppxetex.def
File: ppxetex.def 2021/03/06 v0.5t Pdfpages driver for XeTeX (AM)
)
\pdfpages@includegraphics@status=\count491
\AM@pagebox=\box158
\AM@global@opts=\toks75
\AM@pagecnt=\count492
\AM@toc@title=\toks76
\c@AM@survey=\count493
\AM@templatesizebox=\box159
) (/usr/local/texlive/2021/texmf-dist/tex/latex/biblatex/biblatex.sty
Package: biblatex 2020/12/31 v3.16 programmable bibliographies (PK/MW)
 (/usr/local/texlive/2021/texmf-dist/tex/latex/logreq/logreq.sty
Package: logreq 2010/08/04 v1.0 xml request logger
\lrq@indent=\count494
 (/usr/local/texlive/2021/texmf-dist/tex/latex/logreq/logreq.def
File: logreq.def 2010/08/04 v1.0 logreq spec v1.0
))
\c@tabx@nest=\count495
\c@listtotal=\count496
\c@listcount=\count497
\c@liststart=\count498
\c@liststop=\count499
\c@citecount=\count500
\c@citetotal=\count501
\c@multicitecount=\count502
\c@multicitetotal=\count503
\c@instcount=\count504
\c@maxnames=\count505
\c@minnames=\count506
\c@maxitems=\count507
\c@minitems=\count508
\c@citecounter=\count509
\c@maxcitecounter=\count510
\c@savedcitecounter=\count511
\c@uniquelist=\count512
\c@uniquename=\count513
\c@refsection=\count514
\c@refsegment=\count515
\c@maxextratitle=\count516
\c@maxextratitleyear=\count517
\c@maxextraname=\count518
\c@maxextradate=\count519
\c@maxextraalpha=\count520
\c@abbrvpenalty=\count521
\c@highnamepenalty=\count522
\c@lownamepenalty=\count523
\c@maxparens=\count524
\c@parenlevel=\count525
\blx@tempcnta=\count526
\blx@tempcntb=\count527
\blx@tempcntc=\count528
\blx@maxsection=\count529
\blx@maxsegment@0=\count530
\blx@notetype=\count531
\blx@parenlevel@text=\count532
\blx@parenlevel@foot=\count533
\blx@sectionciteorder@0=\count534
\blx@entrysetcounter=\count535
\blx@biblioinstance=\count536
\labelnumberwidth=\skip114
\labelalphawidth=\skip115
\biblabelsep=\skip116
\bibitemsep=\skip117
\bibnamesep=\skip118
\bibinitsep=\skip119
\bibparsep=\skip120
\bibhang=\skip121
\blx@bcfin=\read6
\blx@bcfout=\write6
\blx@langwohyphens=\language88
\c@mincomprange=\count537
\c@maxcomprange=\count538
\c@mincompwidth=\count539
Package biblatex Info: Trying to load biblatex default data model...
Package biblatex Info: ... file 'blx-dm.def' found.
 (/usr/local/texlive/2021/texmf-dist/tex/latex/biblatex/blx-dm.def
File: blx-dm.def 2020/12/31 v3.16 biblatex localization (PK/MW)
)
Package biblatex Info: Trying to load biblatex style data model...
Package biblatex Info: ... file 'alphabetic.dbx' not found.
Package biblatex Info: Trying to load biblatex custom data model...
Package biblatex Info: ... file 'biblatex-dm.cfg' not found.
\c@afterword=\count540
\c@savedafterword=\count541
\c@annotator=\count542
\c@savedannotator=\count543
\c@author=\count544
\c@savedauthor=\count545
\c@bookauthor=\count546
\c@savedbookauthor=\count547
\c@commentator=\count548
\c@savedcommentator=\count549
\c@editor=\count550
\c@savededitor=\count551
\c@editora=\count552
\c@savededitora=\count553
\c@editorb=\count554
\c@savededitorb=\count555
\c@editorc=\count556
\c@savededitorc=\count557
\c@foreword=\count558
\c@savedforeword=\count559
\c@holder=\count560
\c@savedholder=\count561
\c@introduction=\count562
\c@savedintroduction=\count563
\c@namea=\count564
\c@savednamea=\count565
\c@nameb=\count566
\c@savednameb=\count567
\c@namec=\count568
\c@savednamec=\count569
\c@translator=\count570
\c@savedtranslator=\count571
\c@shortauthor=\count572
\c@savedshortauthor=\count573
\c@shorteditor=\count574
\c@savedshorteditor=\count575
\c@labelname=\count576
\c@savedlabelname=\count577
\c@institution=\count578
\c@savedinstitution=\count579
\c@lista=\count580
\c@savedlista=\count581
\c@listb=\count582
\c@savedlistb=\count583
\c@listc=\count584
\c@savedlistc=\count585
\c@listd=\count586
\c@savedlistd=\count587
\c@liste=\count588
\c@savedliste=\count589
\c@listf=\count590
\c@savedlistf=\count591
\c@location=\count592
\c@savedlocation=\count593
\c@organization=\count594
\c@savedorganization=\count595
\c@origlocation=\count596
\c@savedoriglocation=\count597
\c@origpublisher=\count598
\c@savedorigpublisher=\count599
\c@publisher=\count600
\c@savedpublisher=\count601
\c@language=\count602
\c@savedlanguage=\count603
\c@origlanguage=\count604
\c@savedoriglanguage=\count605
\c@pageref=\count606
\c@savedpageref=\count607
\shorthandwidth=\skip122
\shortjournalwidth=\skip123
\shortserieswidth=\skip124
\shorttitlewidth=\skip125
\shortauthorwidth=\skip126
\shorteditorwidth=\skip127
\locallabelnumberwidth=\skip128
\locallabelalphawidth=\skip129
\localshorthandwidth=\skip130
\localshortjournalwidth=\skip131
\localshortserieswidth=\skip132
\localshorttitlewidth=\skip133
\localshortauthorwidth=\skip134
\localshorteditorwidth=\skip135
Package biblatex Info: Trying to load enhanced support for Unicode engines...
Package biblatex Info: ... file 'blx-unicode.def' found.
 (/usr/local/texlive/2021/texmf-dist/tex/latex/biblatex/blx-unicode.def)
Package biblatex Info: Trying to load compatibility code...
Package biblatex Info: ... file 'blx-compat.def' found.
 (/usr/local/texlive/2021/texmf-dist/tex/latex/biblatex/blx-compat.def
File: blx-compat.def 2020/12/31 v3.16 biblatex compatibility (PK/MW)
)
Package biblatex Info: Trying to load BibTeX backend compatibility...
Package biblatex Info: ... file 'blx-bibtex.def' found.
 (/usr/local/texlive/2021/texmf-dist/tex/latex/biblatex/blx-bibtex.def
File: blx-bibtex.def 2020/12/31 v3.16 biblatex compatibility (PK/MW)


Package biblatex Warning: Using fall-back BibTeX(8) backend:
(biblatex)                functionality may be reduced/unavailable.

)
Package biblatex Info: Trying to load generic definitions...
Package biblatex Info: ... file 'biblatex.def' found.
 (/usr/local/texlive/2021/texmf-dist/tex/latex/biblatex/biblatex.def
File: biblatex.def 2020/12/31 v3.16 biblatex compatibility (PK/MW)
\c@textcitecount=\count608
\c@textcitetotal=\count609
\c@textcitemaxnames=\count610
\c@biburlbigbreakpenalty=\count611
\c@biburlbreakpenalty=\count612
\c@biburlnumpenalty=\count613
\c@biburlucpenalty=\count614
\c@biburllcpenalty=\count615
\biburlbigskip=\muskip18
\biburlnumskip=\muskip19
\biburlucskip=\muskip20
\biburllcskip=\muskip21
\c@smartand=\count616
)
Package biblatex Info: Trying to load natbib compatibility...
Package biblatex Info: ... file 'blx-natbib.def' found.
 (/usr/local/texlive/2021/texmf-dist/tex/latex/biblatex/blx-natbib.def
File: blx-natbib.def 2020/12/31 v3.16 biblatex compatibility (PK/MW)
Package biblatex Info: Delimiter 'nameyeardelim' in context '' already defined, overwriting.
)
Package biblatex Info: Trying to load bibliography style 'alphabetic'...
Package biblatex Info: ... file 'alphabetic.bbx' found.
 (/usr/local/texlive/2021/texmf-dist/tex/latex/biblatex/bbx/alphabetic.bbx
File: alphabetic.bbx 2020/12/31 v3.16 biblatex bibliography style (PK/MW)
Package biblatex Info: Trying to load bibliography style 'standard'...
Package biblatex Info: ... file 'standard.bbx' found.
 (/usr/local/texlive/2021/texmf-dist/tex/latex/biblatex/bbx/standard.bbx
File: standard.bbx 2020/12/31 v3.16 biblatex bibliography style (PK/MW)
\c@bbx:relatedcount=\count617
\c@bbx:relatedtotal=\count618
))
Package biblatex Info: Trying to load citation style 'alphabetic'...
Package biblatex Info: ... file 'alphabetic.cbx' found.
 (/usr/local/texlive/2021/texmf-dist/tex/latex/biblatex/cbx/alphabetic.cbx
File: alphabetic.cbx 2020/12/31 v3.16 biblatex citation style (PK/MW)
Package biblatex Info: Redefining '\cite'.
Package biblatex Info: Redefining '\parencite'.
Package biblatex Info: Redefining '\footcite'.
Package biblatex Info: Redefining '\footcitetext'.
Package biblatex Info: Redefining '\smartcite'.
Package biblatex Info: Redefining '\textcite'.
Package biblatex Info: Redefining '\textcites'.
Package biblatex Info: Redefining '\cites'.
Package biblatex Info: Redefining '\parencites'.
Package biblatex Info: Redefining '\smartcites'.
)
Package biblatex Info: Trying to load configuration file...
Package biblatex Info: ... file 'biblatex.cfg' found.
 (/usr/local/texlive/2021/texmf-dist/tex/latex/biblatex/biblatex.cfg
File: biblatex.cfg 
))) (/Users/tim-jonaswechler/Documents/Mein_Leben/1_Karriere/10_Studium/hs-rm_ap_bsc/2021_WS/Embeeded_System/Touchscreen/main.aux)
\openout1 = `main.aux'.

LaTeX Font Info:    Checking defaults for OML/cmm/m/it on input line 61.
LaTeX Font Info:    ... okay on input line 61.
LaTeX Font Info:    Checking defaults for OMS/cmsy/m/n on input line 61.
LaTeX Font Info:    ... okay on input line 61.
LaTeX Font Info:    Checking defaults for OT1/cmr/m/n on input line 61.
LaTeX Font Info:    ... okay on input line 61.
LaTeX Font Info:    Checking defaults for T1/cmr/m/n on input line 61.
LaTeX Font Info:    ... okay on input line 61.
LaTeX Font Info:    Checking defaults for TS1/cmr/m/n on input line 61.
LaTeX Font Info:    Trying to load font information for TS1+cmr on input line 61.
 (/usr/local/texlive/2021/texmf-dist/tex/latex/base/ts1cmr.fd
File: ts1cmr.fd 2019/12/16 v2.5j Standard LaTeX font definitions
)
LaTeX Font Info:    ... okay on input line 61.
LaTeX Font Info:    Checking defaults for TU/lmr/m/n on input line 61.
LaTeX Font Info:    ... okay on input line 61.
LaTeX Font Info:    Checking defaults for OMX/cmex/m/n on input line 61.
LaTeX Font Info:    ... okay on input line 61.
LaTeX Font Info:    Checking defaults for U/cmr/m/n on input line 61.
LaTeX Font Info:    ... okay on input line 61.
LaTeX Font Info:    Checking defaults for PD1/pdf/m/n on input line 61.
LaTeX Font Info:    ... okay on input line 61.
LaTeX Font Info:    Checking defaults for PU/pdf/m/n on input line 61.
LaTeX Font Info:    ... okay on input line 61.
\symgns@font=\mathgroup6
LaTeX Font Info:    Overwriting symbol font `gns@font' in version `bold'
(Font)                  TS1/lmr/m/n --> TS1/lmr/b/n on input line 61.
Package gensymb Info: Math companion symbols declared on input line 61.
LaTeX Info: Redefining \degree on input line 61.
LaTeX Info: Redefining \celsius on input line 61.
Package gensymb Info: Using text companion symbols for \degree, \celsius and \perthousand on input line 61.
LaTeX Info: Redefining \ohm on input line 61.
Package gensymb Info: Using \textohm for \ohm on input line 61.
Package gensymb Info: Using \textmu for \micro on input line 61.
LaTeX Info: Redefining \microtypecontext on input line 61.
Package microtype Info: Character protrusion enabled (level 2).
Package microtype Info: Using default protrusion set `alltext'.
Package microtype Info: No adjustment of tracking.
Package microtype Info: No adjustment of spacing.
Package microtype Info: No adjustment of kerning.
 (/usr/local/texlive/2021/texmf-dist/tex/latex/microtype/mt-cmr.cfg
File: mt-cmr.cfg 2013/05/19 v2.2 microtype config. file: Computer Modern Roman (RS)
) (/usr/local/texlive/2021/texmf-dist/tex/latex/siunitx/siunitx-abbreviations.cfg
File: siunitx-abbreviations.cfg 2017/11/26 v2.7k siunitx: Abbreviated units
) (/usr/local/texlive/2021/texmf-dist/tex/latex/translator/translator-basic-dictionary-English.dict
Dictionary: translator-basic-dictionary, Language: English 
)
Package caption Info: Begin \AtBeginDocument code.
Package caption Info: hyperref package is loaded.
Package caption Info: listings package is loaded.
Package caption Info: longtable package is loaded.
 (/usr/local/texlive/2021/texmf-dist/tex/latex/caption/ltcaption.sty
Package: ltcaption 2020/05/30 v1.4b longtable captions (AR)
)
Package caption Info: supertabular package is loaded.
Package caption Info: wrapfig package is loaded.
Package caption Info: End \AtBeginDocument code.
 ABD: EverySelectfont initializing macros
LaTeX Info: Redefining \selectfont on input line 61.
\c@lstlisting=\count619
Package scrhack Info: undefining \float@addtolists on input line 61.

*geometry* driver: auto-detecting
*geometry* detected driver: xetex
*geometry* verbose mode - [ preamble ] result:
* driver: xetex
* paper: <default>
* layout: <same size as paper>
* layoutoffset:(h,v)=(0.0pt,0.0pt)
* modes: heightrounded 
* h-part:(L,W,R)=(71.13188pt, 455.24417pt, 71.13188pt)
* v-part:(T,H,B)=(71.13188pt, 702.78317pt, 71.13188pt)
* \paperwidth=597.50793pt
* \paperheight=845.04694pt
* \textwidth=455.24417pt
* \textheight=708.0pt
* \oddsidemargin=-1.1381pt
* \evensidemargin=-1.1381pt
* \topmargin=-46.66249pt
* \headheight=19.91692pt
* \headsep=25.60747pt
* \topskip=12.0pt
* \footskip=113.81102pt
* \marginparwidth=51.21495pt
* \marginparsep=5.69054pt
* \columnsep=10.0pt
* \skip\footins=10.8pt plus 4.0pt minus 2.0pt
* \hoffset=0.0pt
* \voffset=0.0pt
* \mag=1000
* \@twocolumnfalse
* \@twosidefalse
* \@mparswitchfalse
* \@reversemarginfalse
* (1in=72.27pt=25.4mm, 1cm=28.453pt)

Package hyperref Info: Link coloring ON on input line 61.
(/usr/local/texlive/2021/texmf-dist/tex/latex/hyperref/nameref.sty
Package: nameref 2021-04-02 v2.47 Cross-referencing by name of section
 (/usr/local/texlive/2021/texmf-dist/tex/latex/refcount/refcount.sty
Package: refcount 2019/12/15 v3.6 Data extraction from label references (HO)
) (/usr/local/texlive/2021/texmf-dist/tex/generic/gettitlestring/gettitlestring.sty
Package: gettitlestring 2019/12/15 v1.6 Cleanup title references (HO)
)
\c@section@level=\count620
LaTeX Info: Redefining \Ref on input line 520.
)
LaTeX Info: Redefining \ref on input line 61.
LaTeX Info: Redefining \pageref on input line 61.
LaTeX Info: Redefining \nameref on input line 61.
LaTeX Info: Redefining \Ref on input line 61.
 (/usr/local/texlive/2021/texmf-dist/tex/latex/pdflscape/pdflscape.sty
Package: pdflscape 2019/12/05 v0.12 Display of landscape pages in PDF (HO)
 (/usr/local/texlive/2021/texmf-dist/tex/latex/graphics/lscape.sty
Package: lscape 2020/05/28 v3.02 Landscape Pages (DPC)
)
Package scrhack Info: loading lscape hack on input line 77.
 (/usr/local/texlive/2021/texmf-dist/tex/latex/koma-script/lscape.hak
File: lscape.hak 2021/03/17 v3.33 KOMA-Script scrhack part (hacking package lscape)
Package scrhack Info: \landscape patched to make \textheight change optional on input line 90.
\scrh@LT@textheight=\skip136
)
Package pdflscape Info: Auto-detected driver: dvipdfm (xetex) on input line 98.
)
Package biblatex Info: Trying to load language 'ngerman'...
Package biblatex Info: ... file 'ngerman.lbx' found.
 (/usr/local/texlive/2021/texmf-dist/tex/latex/biblatex/lbx/ngerman.lbx
File: ngerman.lbx 2020/12/31 v3.16 biblatex localization (PK/MW)
Package biblatex Info: Trying to load language 'german'...
Package biblatex Info: ... file 'german.lbx' found.
 (/usr/local/texlive/2021/texmf-dist/tex/latex/biblatex/lbx/german.lbx
File: german.lbx 2020/12/31 v3.16 biblatex localization (PK/MW)
)
Package biblatex Info: Trying to load language 'german'...
Package biblatex Info: ... file 'german.lbx' found.
 (/usr/local/texlive/2021/texmf-dist/tex/latex/biblatex/lbx/german.lbx
File: german.lbx 2020/12/31 v3.16 biblatex localization (PK/MW)
))
Package biblatex Info: XeTeX detected.
(biblatex)             Assuming input encoding 'utf8'.
Package biblatex Info: Automatic encoding selection.
(biblatex)             Assuming data encoding 'utf8'.
Package biblatex Info: Input encoding 'utf8' specified.
Package biblatex Info: Data encoding 'utf8' specified.
(biblatex)             No need to reencode data.
Package biblatex Info: Document encoding is UTF8 ....
Package biblatex Info: ... and expl3
(biblatex)             2021-02-18 L3 programming layer (loader) 
(biblatex)             is new enough (at least 2020/04/06),
(biblatex)             setting 'casechanger=expl3'.
 (/usr/local/texlive/2021/texmf-dist/tex/latex/biblatex/blx-case-expl3.sty
Package: blx-case-expl3 2020/12/31 v3.16 expl3 case changing code for biblatex
)
\openout6 = `main-blx.bib'.

Package biblatex Info: Trying to load bibliographic data...
Package biblatex Info: ... file 'main.bbl' found.
 (/Users/tim-jonaswechler/Documents/Mein_Leben/1_Karriere/10_Studium/hs-rm_ap_bsc/2021_WS/Embeeded_System/Touchscreen/main.bbl)
Package biblatex Info: Reference section=0 on input line 61.
Package biblatex Info: Reference segment=0 on input line 61.
File: gfx/background.pdf Graphic file (type pdf)
<use gfx/background.pdf>
File: gfx/banner.png Graphic file (type bmp)
<gfx/banner.png>
LaTeX Font Info:    Trying to load font information for T1+phv on input line 61.
 (/usr/local/texlive/2021/texmf-dist/tex/latex/psnfss/t1phv.fd
File: t1phv.fd 2020/03/25 scalable font definitions for T1/phv.
)
Package microtype Info: Loading generic protrusion settings for font family
(microtype)             `phv' (encoding: T1).
(microtype)             For optimal results, create family-specific settings.
(microtype)             See the microtype manual for details.
LaTeX Font Info:    Trying to load font information for T1+lmss on input line 61.
 (/usr/local/texlive/2021/texmf-dist/tex/latex/lm/t1lmss.fd
File: t1lmss.fd 2015/05/01 v1.6.1 Font defs for Latin Modern
)
Package microtype Info: Loading generic protrusion settings for font family
(microtype)             `lmss' (encoding: T1).
(microtype)             For optimal results, create family-specific settings.
(microtype)             See the microtype manual for details.
LaTeX Font Info:    Trying to load font information for OT1+lmr on input line 61.
 (/usr/local/texlive/2021/texmf-dist/tex/latex/lm/ot1lmr.fd
File: ot1lmr.fd 2015/05/01 v1.6.1 Font defs for Latin Modern
)
LaTeX Font Info:    Trying to load font information for OML+lmm on input line 61.
 (/usr/local/texlive/2021/texmf-dist/tex/latex/lm/omllmm.fd
File: omllmm.fd 2015/05/01 v1.6.1 Font defs for Latin Modern
)
LaTeX Font Info:    Trying to load font information for OMS+lmsy on input line 61.
 (/usr/local/texlive/2021/texmf-dist/tex/latex/lm/omslmsy.fd
File: omslmsy.fd 2015/05/01 v1.6.1 Font defs for Latin Modern
)
LaTeX Font Info:    Trying to load font information for OMX+lmex on input line 61.
 (/usr/local/texlive/2021/texmf-dist/tex/latex/lm/omxlmex.fd
File: omxlmex.fd 2015/05/01 v1.6.1 Font defs for Latin Modern
)
LaTeX Font Info:    External font `lmex10' loaded for size
(Font)              <12> on input line 61.
LaTeX Font Info:    External font `lmex10' loaded for size
(Font)              <8> on input line 61.
LaTeX Font Info:    External font `lmex10' loaded for size
(Font)              <6> on input line 61.
LaTeX Font Info:    Trying to load font information for U+msa on input line 61.
 (/usr/local/texlive/2021/texmf-dist/tex/latex/amsfonts/umsa.fd
File: umsa.fd 2013/01/14 v3.01 AMS symbols A
) (/usr/local/texlive/2021/texmf-dist/tex/latex/microtype/mt-msa.cfg
File: mt-msa.cfg 2006/02/04 v1.1 microtype config. file: AMS symbols (a) (RS)
)
LaTeX Font Info:    Trying to load font information for U+msb on input line 61.
 (/usr/local/texlive/2021/texmf-dist/tex/latex/amsfonts/umsb.fd
File: umsb.fd 2013/01/14 v3.01 AMS symbols B
) (/usr/local/texlive/2021/texmf-dist/tex/latex/microtype/mt-msb.cfg
File: mt-msb.cfg 2005/06/01 v1.0 microtype config. file: AMS symbols (b) (RS)
)
LaTeX Font Info:    Font shape `T1/phv/m/it' in size <12> not available
(Font)              Font shape `T1/phv/m/sl' tried instead on input line 61.
 [1

]
Package tocbasic Info: character protrusion at toc deactivated on input line 61.
 (/Users/tim-jonaswechler/Documents/Mein_Leben/1_Karriere/10_Studium/hs-rm_ap_bsc/2021_WS/Embeeded_System/Touchscreen/main.toc)
\tf@toc=\write7
\openout7 = `main.toc'.

LaTeX Font Info:    External font `lmex10' loaded for size
(Font)              <10> on input line 61.
LaTeX Font Info:    External font `lmex10' loaded for size
(Font)              <7> on input line 61.
LaTeX Font Info:    External font `lmex10' loaded for size
(Font)              <5> on input line 61.
 [1


]
LaTeX Font Info:    Trying to load font information for OT1+lmss on input line 61.
 (/usr/local/texlive/2021/texmf-dist/tex/latex/lm/ot1lmss.fd
File: ot1lmss.fd 2015/05/01 v1.6.1 Font defs for Latin Modern
)
Package microtype Info: Loading generic protrusion settings for font family
(microtype)             `lmss' (encoding: OT1).
(microtype)             For optimal results, create family-specific settings.
(microtype)             See the microtype manual for details.
LaTeX Font Info:    Trying to load font information for OT1+lmtt on input line 61.
 (/usr/local/texlive/2021/texmf-dist/tex/latex/lm/ot1lmtt.fd
File: ot1lmtt.fd 2015/05/01 v1.6.1 Font defs for Latin Modern
)
Package microtype Info: Loading generic protrusion settings for font family
(microtype)             `lmtt' (encoding: OT1).
(microtype)             For optimal results, create family-specific settings.
(microtype)             See the microtype manual for details.
 (/Users/tim-jonaswechler/Documents/Mein_Leben/1_Karriere/10_Studium/hs-rm_ap_bsc/2021_WS/Embeeded_System/Touchscreen/content/chapter-einleitung.tex
chapter 1.
File: fig/4-wire.jpg Graphic file (type bmp)
<fig/4-wire.jpg>
[1


]) (/Users/tim-jonaswechler/Documents/Mein_Leben/1_Karriere/10_Studium/hs-rm_ap_bsc/2021_WS/Embeeded_System/Touchscreen/content/chapter-versuchsaufbau.tex [2]
chapter 2.
File: fig/aufbau_annotated.jpg Graphic file (type bmp)
<fig/aufbau_annotated.jpg>
) (/Users/tim-jonaswechler/Documents/Mein_Leben/1_Karriere/10_Studium/hs-rm_ap_bsc/2021_WS/Embeeded_System/Touchscreen/content/chapter-aufnahme_von_koordinaten.tex [3


]
chapter 3.
LaTeX Font Info:    Trying to load font information for T1+lmtt on input line 22.
(/usr/local/texlive/2021/texmf-dist/tex/latex/lm/t1lmtt.fd
File: t1lmtt.fd 2015/05/01 v1.6.1 Font defs for Latin Modern
)
Package microtype Info: Loading generic protrusion settings for font family
(microtype)             `lmtt' (encoding: T1).
(microtype)             For optimal results, create family-specific settings.
(microtype)             See the microtype manual for details.
 [4


]
File: fig/xlesen.png Graphic file (type bmp)
<fig/xlesen.png>
File: fig/ylesen.png Graphic file (type bmp)
<fig/ylesen.png>
File: fig/schaltbild.png Graphic file (type bmp)
<fig/schaltbild.png>
File: fig/flowChart.png Graphic file (type bmp)
<fig/flowChart.png>
) (/Users/tim-jonaswechler/Documents/Mein_Leben/1_Karriere/10_Studium/hs-rm_ap_bsc/2021_WS/Embeeded_System/Touchscreen/content/chaper-untersuchung_der_messdaten.tex [5] [6] [7]
chapter 4.
File: fig/filtered.png Graphic file (type bmp)
<fig/filtered.png>
File: fig/unfiltered.png Graphic file (type bmp)
<fig/unfiltered.png>
[8


]
File: fig/wiederholung.png Graphic file (type bmp)
<fig/wiederholung.png>
File: fig/8_linearitaet_x.png Graphic file (type bmp)
<fig/8_linearitaet_x.png>
File: fig/8_linearitaet_y.png Graphic file (type bmp)
<fig/8_linearitaet_y.png>
 [9]) (/Users/tim-jonaswechler/Documents/Mein_Leben/1_Karriere/10_Studium/hs-rm_ap_bsc/2021_WS/Embeeded_System/Touchscreen/content/chapter-fazit.tex [10] [11]
chapter 5.
) [12


]
chapter A.
File: append/4_wire_standard_ds_rohs-10613.pdf Graphic file (type pdf)
<use append/4_wire_standard_ds_rohs-10613.pdf>
File: append/4_wire_standard_ds_rohs-10613.pdf Graphic file (type pdf)
<use append/4_wire_standard_ds_rohs-10613.pdf>
File: append/4_wire_standard_ds_rohs-10613.pdf Graphic file (type pdf)
<use append/4_wire_standard_ds_rohs-10613.pdf, page 1>
File: append/4_wire_standard_ds_rohs-10613.pdf Graphic file (type pdf)
<use append/4_wire_standard_ds_rohs-10613.pdf, page 1>
[13


]
File: append/4_wire_standard_ds_rohs-10613.pdf Graphic file (type pdf)
<use append/4_wire_standard_ds_rohs-10613.pdf, page 1>
File: append/4_wire_standard_ds_rohs-10613.pdf Graphic file (type pdf)
<use append/4_wire_standard_ds_rohs-10613.pdf, page 1>
File: append/4_wire_standard_ds_rohs-10613.pdf Graphic file (type pdf)
<use append/4_wire_standard_ds_rohs-10613.pdf, page 1>
 [14]
File: append/4_wire_standard_ds_rohs-10613.pdf Graphic file (type pdf)
<use append/4_wire_standard_ds_rohs-10613.pdf, page 2>
File: append/4_wire_standard_ds_rohs-10613.pdf Graphic file (type pdf)
<use append/4_wire_standard_ds_rohs-10613.pdf, page 2>
File: append/4_wire_standard_ds_rohs-10613.pdf Graphic file (type pdf)
<use append/4_wire_standard_ds_rohs-10613.pdf, page 2>
 [15]
File: append/4_wire_standard_ds_rohs-10613.pdf Graphic file (type pdf)
<use append/4_wire_standard_ds_rohs-10613.pdf, page 3>
File: append/4_wire_standard_ds_rohs-10613.pdf Graphic file (type pdf)
<use append/4_wire_standard_ds_rohs-10613.pdf, page 3>
File: append/4_wire_standard_ds_rohs-10613.pdf Graphic file (type pdf)
<use append/4_wire_standard_ds_rohs-10613.pdf, page 3>
 [16]
File: append/4_wire_standard_ds_rohs-10613.pdf Graphic file (type pdf)
<use append/4_wire_standard_ds_rohs-10613.pdf, page 4>
File: append/4_wire_standard_ds_rohs-10613.pdf Graphic file (type pdf)
<use append/4_wire_standard_ds_rohs-10613.pdf, page 4>
File: append/4_wire_standard_ds_rohs-10613.pdf Graphic file (type pdf)
<use append/4_wire_standard_ds_rohs-10613.pdf, page 4>
 [17]
chapter without number
Missing character: There is no  ("2019) in font ec-lmr12!
Package microtype Info: Character `029' is missing
(microtype)             in font `T1/lmr/m/sc/12'.
(microtype)             Ignoring protrusion settings for this character.

Overfull \hbox (9.43pt too wide) in paragraph at lines 78--78
[]\T1/lmr/m/n/12 Nelson Mil-ler. |   [] \T1/lmr/m/sc/12 url\T1/lmr/m/n/12 :
 []


Overfull \hbox (13.7415pt too wide) in paragraph at lines 78--78
[][]$\T1/lmtt/m/n/12 https : / / www . nelson -[] miller . com / 4 -[] wire -[] vs -[] 5 -[] wire -[] resistive -[] touchscreens -[]
 []

[18


]
Package tocbasic Info: character protrusion at lof deactivated on input line 78.
 (/Users/tim-jonaswechler/Documents/Mein_Leben/1_Karriere/10_Studium/hs-rm_ap_bsc/2021_WS/Embeeded_System/Touchscreen/main.lof)
\tf@lof=\write8
\openout8 = `main.lof'.

 [19


]
Package tocbasic Info: character protrusion at lot deactivated on input line 78.
 (/Users/tim-jonaswechler/Documents/Mein_Leben/1_Karriere/10_Studium/hs-rm_ap_bsc/2021_WS/Embeeded_System/Touchscreen/main.lot)
\tf@lot=\write9
\openout9 = `main.lot'.

 [20




]
Package tocbasic Info: character protrusion at lol deactivated on input line 78.
 (/Users/tim-jonaswechler/Documents/Mein_Leben/1_Karriere/10_Studium/hs-rm_ap_bsc/2021_WS/Embeeded_System/Touchscreen/main.lol)
\tf@lol=\write10
\openout10 = `main.lol'.

 [21




] (/Users/tim-jonaswechler/Documents/Mein_Leben/1_Karriere/10_Studium/hs-rm_ap_bsc/2021_WS/Embeeded_System/Touchscreen/main.aux)

LaTeX Warning: There were undefined references.


Package biblatex Warning: Please rerun LaTeX.

Package logreq Info: Writing requests to 'main.run.xml'.
\openout1 = `main.run.xml'.

 ) 
Here is how much of TeX's memory you used:
 74013 strings out of 476919
 1709185 string characters out of 5821839
 2968259 words of memory out of 5000000
 92878 multiletter control sequences out of 15000+600000
 513886 words of font info for 105 fonts, out of 8000000 for 9000
 1350 hyphenation exceptions out of 8191
 128i,20n,131p,10833b,5045s stack positions out of 5000i,500n,10000p,200000b,80000s

Output written on /Users/tim-jonaswechler/Documents/Mein_Leben/1_Karriere/10_Studium/hs-rm_ap_bsc/2021_WS/Embeeded_System/Touchscreen/main.xdv (23 pages, 72488 bytes).
